{"/Users/gosongying/orbital2/orbital/firebase.js": {"path":"/Users/gosongying/orbital2/orbital/firebase.js","statementMap":{"0":{"start":{"line":12,"column":23},"end":{"line":20,"column":1}},"1":{"start":{"line":23,"column":12},"end":{"line":23,"column":41}},"2":{"start":{"line":25,"column":20},"end":{"line":25,"column":32}},"3":{"start":{"line":27,"column":24},"end":{"line":27,"column":40}},"4":{"start":{"line":30,"column":23},"end":{"line":30,"column":38}}},"fnMap":{},"branchMap":{},"s":{"0":5,"1":5,"2":5,"3":5,"4":5},"f":{},"b":{},"_coverageSchema":"1a1c01bbd47fc00a2c39e90264f33305004495a9","hash":"9e16913f95f3ccf1cbdba7a4465780ce32060147"}
,"/Users/gosongying/orbital2/orbital/assets/firsttab2.jpg": {"path":"/Users/gosongying/orbital2/orbital/assets/firsttab2.jpg","statementMap":{"0":{"start":{"line":1,"column":0},"end":{"line":1,"column":19}}},"fnMap":{},"branchMap":{},"s":{"0":1},"f":{},"b":{},"_coverageSchema":"1a1c01bbd47fc00a2c39e90264f33305004495a9","hash":"f393cf92cc4f764bded77595ad9dd4505bb0d7fb"}
,"/Users/gosongying/orbital2/orbital/assets/forthtab.jpeg": {"path":"/Users/gosongying/orbital2/orbital/assets/forthtab.jpeg","statementMap":{"0":{"start":{"line":1,"column":0},"end":{"line":1,"column":19}}},"fnMap":{},"branchMap":{},"s":{"0":1},"f":{},"b":{},"_coverageSchema":"1a1c01bbd47fc00a2c39e90264f33305004495a9","hash":"c09ec1ff0ddb2cffe4850a32168aafe2d2fa0728"}
,"/Users/gosongying/orbital2/orbital/assets/logoOnly.png": {"path":"/Users/gosongying/orbital2/orbital/assets/logoOnly.png","statementMap":{"0":{"start":{"line":1,"column":0},"end":{"line":1,"column":19}}},"fnMap":{},"branchMap":{},"s":{"0":2},"f":{},"b":{},"_coverageSchema":"1a1c01bbd47fc00a2c39e90264f33305004495a9","hash":"344b86b434f4a115a64d4845edb2eaa6da5e4b12"}
,"/Users/gosongying/orbital2/orbital/assets/profileholder.png": {"path":"/Users/gosongying/orbital2/orbital/assets/profileholder.png","statementMap":{"0":{"start":{"line":1,"column":0},"end":{"line":1,"column":19}}},"fnMap":{},"branchMap":{},"s":{"0":3},"f":{},"b":{},"_coverageSchema":"1a1c01bbd47fc00a2c39e90264f33305004495a9","hash":"1ab94bca5591ba08f27b7679933d5091cc402cf6"}
,"/Users/gosongying/orbital2/orbital/assets/secondtab.jpeg": {"path":"/Users/gosongying/orbital2/orbital/assets/secondtab.jpeg","statementMap":{"0":{"start":{"line":1,"column":0},"end":{"line":1,"column":19}}},"fnMap":{},"branchMap":{},"s":{"0":1},"f":{},"b":{},"_coverageSchema":"1a1c01bbd47fc00a2c39e90264f33305004495a9","hash":"cb79ab793ce0a7341ba2b8d7dda66668bdbb4647"}
,"/Users/gosongying/orbital2/orbital/assets/thirdtab2.jpg": {"path":"/Users/gosongying/orbital2/orbital/assets/thirdtab2.jpg","statementMap":{"0":{"start":{"line":1,"column":0},"end":{"line":1,"column":19}}},"fnMap":{},"branchMap":{},"s":{"0":1},"f":{},"b":{},"_coverageSchema":"1a1c01bbd47fc00a2c39e90264f33305004495a9","hash":"25f06b011a9f40b6b14d1a3c093d6230ba7276ea"}
,"/Users/gosongying/orbital2/orbital/src/components/Authentication/CarouselCard.js": {"path":"/Users/gosongying/orbital2/orbital/src/components/Authentication/CarouselCard.js","statementMap":{"0":{"start":{"line":14,"column":14},"end":{"line":19,"column":1}},"1":{"start":{"line":24,"column":4},"end":{"line":34,"column":5}},"2":{"start":{"line":39,"column":23},"end":{"line":39,"column":41}},"3":{"start":{"line":41,"column":30},"end":{"line":41,"column":47}},"4":{"start":{"line":43,"column":22},"end":{"line":49,"column":5}},"5":{"start":{"line":44,"column":23},"end":{"line":44,"column":35}},"6":{"start":{"line":45,"column":6},"end":{"line":47,"column":7}},"7":{"start":{"line":46,"column":8},"end":{"line":46,"column":40}},"8":{"start":{"line":48,"column":6},"end":{"line":48,"column":21}},"9":{"start":{"line":52,"column":1},"end":{"line":88,"column":6}},"10":{"start":{"line":63,"column":31},"end":{"line":63,"column":46}},"11":{"start":{"line":91,"column":15},"end":{"line":125,"column":2}}},"fnMap":{"0":{"name":"CarouselItem","decl":{"start":{"line":22,"column":9},"end":{"line":22,"column":21}},"loc":{"start":{"line":22,"column":30},"end":{"line":35,"column":1}},"line":22},"1":{"name":"CarouselCard","decl":{"start":{"line":37,"column":24},"end":{"line":37,"column":36}},"loc":{"start":{"line":37,"column":39},"end":{"line":89,"column":1}},"line":37},"2":{"name":"(anonymous_2)","decl":{"start":{"line":43,"column":22},"end":{"line":43,"column":23}},"loc":{"start":{"line":43,"column":41},"end":{"line":49,"column":5}},"line":43},"3":{"name":"(anonymous_3)","decl":{"start":{"line":63,"column":20},"end":{"line":63,"column":21}},"loc":{"start":{"line":63,"column":31},"end":{"line":63,"column":46}},"line":63}},"branchMap":{"0":{"loc":{"start":{"line":45,"column":6},"end":{"line":47,"column":7}},"type":"if","locations":[{"start":{"line":45,"column":6},"end":{"line":47,"column":7}},{"start":{},"end":{}}],"line":45}},"s":{"0":1,"1":8,"2":2,"3":2,"4":2,"5":0,"6":0,"7":0,"8":0,"9":2,"10":0,"11":1},"f":{"0":8,"1":2,"2":0,"3":0},"b":{"0":[0,0]},"_coverageSchema":"1a1c01bbd47fc00a2c39e90264f33305004495a9","hash":"f301e369fa1463c40085f28935bfe1082584a8d2"}
,"/Users/gosongying/orbital2/orbital/src/components/Home/Settings/Details.js": {"path":"/Users/gosongying/orbital2/orbital/src/components/Home/Settings/Details.js","statementMap":{"0":{"start":{"line":16,"column":20},"end":{"line":16,"column":50}},"1":{"start":{"line":18,"column":16},"end":{"line":374,"column":1}},"2":{"start":{"line":24,"column":22},"end":{"line":24,"column":48}},"3":{"start":{"line":26,"column":22},"end":{"line":26,"column":66}},"4":{"start":{"line":28,"column":52},"end":{"line":28,"column":67}},"5":{"start":{"line":30,"column":40},"end":{"line":30,"column":61}},"6":{"start":{"line":32,"column":34},"end":{"line":32,"column":49}},"7":{"start":{"line":34,"column":28},"end":{"line":34,"column":79}},"8":{"start":{"line":36,"column":30},"end":{"line":36,"column":42}},"9":{"start":{"line":38,"column":22},"end":{"line":38,"column":33}},"10":{"start":{"line":40,"column":16},"end":{"line":40,"column":40}},"11":{"start":{"line":41,"column":23},"end":{"line":41,"column":125}},"12":{"start":{"line":42,"column":21},"end":{"line":42,"column":117}},"13":{"start":{"line":45,"column":22},"end":{"line":45,"column":66}},"14":{"start":{"line":47,"column":2},"end":{"line":64,"column":9}},"15":{"start":{"line":48,"column":4},"end":{"line":63,"column":5}},"16":{"start":{"line":49,"column":22},"end":{"line":49,"column":65}},"17":{"start":{"line":51,"column":26},"end":{"line":59,"column":8}},"18":{"start":{"line":52,"column":8},"end":{"line":55,"column":9}},"19":{"start":{"line":53,"column":10},"end":{"line":53,"column":43}},"20":{"start":{"line":54,"column":10},"end":{"line":54,"column":35}},"21":{"start":{"line":57,"column":8},"end":{"line":57,"column":27}},"22":{"start":{"line":58,"column":8},"end":{"line":58,"column":39}},"23":{"start":{"line":60,"column":6},"end":{"line":62,"column":8}},"24":{"start":{"line":61,"column":8},"end":{"line":61,"column":22}},"25":{"start":{"line":66,"column":23},"end":{"line":68,"column":3}},"26":{"start":{"line":67,"column":4},"end":{"line":67,"column":31}},"27":{"start":{"line":70,"column":32},"end":{"line":149,"column":3}},"28":{"start":{"line":71,"column":4},"end":{"line":71,"column":38}},"29":{"start":{"line":72,"column":4},"end":{"line":72,"column":21}},"30":{"start":{"line":74,"column":4},"end":{"line":78,"column":5}},"31":{"start":{"line":75,"column":6},"end":{"line":75,"column":48}},"32":{"start":{"line":76,"column":6},"end":{"line":76,"column":24}},"33":{"start":{"line":77,"column":6},"end":{"line":77,"column":12}},"34":{"start":{"line":80,"column":4},"end":{"line":85,"column":5}},"35":{"start":{"line":82,"column":6},"end":{"line":82,"column":46}},"36":{"start":{"line":83,"column":6},"end":{"line":83,"column":24}},"37":{"start":{"line":84,"column":6},"end":{"line":84,"column":13}},"38":{"start":{"line":87,"column":4},"end":{"line":91,"column":5}},"39":{"start":{"line":88,"column":6},"end":{"line":88,"column":59}},"40":{"start":{"line":89,"column":6},"end":{"line":89,"column":24}},"41":{"start":{"line":90,"column":6},"end":{"line":90,"column":12}},"42":{"start":{"line":93,"column":4},"end":{"line":97,"column":5}},"43":{"start":{"line":94,"column":6},"end":{"line":94,"column":64}},"44":{"start":{"line":95,"column":6},"end":{"line":95,"column":24}},"45":{"start":{"line":96,"column":6},"end":{"line":96,"column":12}},"46":{"start":{"line":99,"column":4},"end":{"line":106,"column":5}},"47":{"start":{"line":101,"column":6},"end":{"line":101,"column":36}},"48":{"start":{"line":102,"column":6},"end":{"line":102,"column":41}},"49":{"start":{"line":103,"column":6},"end":{"line":103,"column":24}},"50":{"start":{"line":104,"column":6},"end":{"line":104,"column":34}},"51":{"start":{"line":105,"column":6},"end":{"line":105,"column":13}},"52":{"start":{"line":109,"column":27},"end":{"line":109,"column":83}},"53":{"start":{"line":110,"column":27},"end":{"line":110,"column":76}},"54":{"start":{"line":111,"column":22},"end":{"line":111,"column":73}},"55":{"start":{"line":112,"column":4},"end":{"line":148,"column":4}},"56":{"start":{"line":114,"column":6},"end":{"line":143,"column":10}},"57":{"start":{"line":115,"column":25},"end":{"line":143,"column":8}},"58":{"start":{"line":116,"column":8},"end":{"line":126,"column":9}},"59":{"start":{"line":118,"column":10},"end":{"line":118,"column":28}},"60":{"start":{"line":119,"column":10},"end":{"line":119,"column":49}},"61":{"start":{"line":120,"column":10},"end":{"line":120,"column":37}},"62":{"start":{"line":121,"column":10},"end":{"line":121,"column":17}},"63":{"start":{"line":125,"column":10},"end":{"line":125,"column":31}},"64":{"start":{"line":129,"column":8},"end":{"line":142,"column":9}},"65":{"start":{"line":131,"column":10},"end":{"line":131,"column":52}},"66":{"start":{"line":132,"column":10},"end":{"line":132,"column":33}},"67":{"start":{"line":133,"column":10},"end":{"line":135,"column":12}},"68":{"start":{"line":136,"column":10},"end":{"line":141,"column":13}},"69":{"start":{"line":139,"column":12},"end":{"line":139,"column":30}},"70":{"start":{"line":140,"column":12},"end":{"line":140,"column":40}},"71":{"start":{"line":145,"column":4},"end":{"line":145,"column":22}},"72":{"start":{"line":146,"column":4},"end":{"line":146,"column":35}},"73":{"start":{"line":147,"column":4},"end":{"line":147,"column":11}},"74":{"start":{"line":151,"column":27},"end":{"line":177,"column":3}},"75":{"start":{"line":152,"column":17},"end":{"line":164,"column":6}},"76":{"start":{"line":153,"column":18},"end":{"line":153,"column":38}},"77":{"start":{"line":154,"column":6},"end":{"line":156,"column":8}},"78":{"start":{"line":155,"column":8},"end":{"line":155,"column":30}},"79":{"start":{"line":157,"column":6},"end":{"line":160,"column":8}},"80":{"start":{"line":158,"column":8},"end":{"line":158,"column":23}},"81":{"start":{"line":159,"column":8},"end":{"line":159,"column":56}},"82":{"start":{"line":161,"column":6},"end":{"line":161,"column":32}},"83":{"start":{"line":162,"column":6},"end":{"line":162,"column":33}},"84":{"start":{"line":163,"column":6},"end":{"line":163,"column":21}},"85":{"start":{"line":166,"column":4},"end":{"line":176,"column":5}},"86":{"start":{"line":168,"column":22},"end":{"line":168,"column":70}},"87":{"start":{"line":169,"column":21},"end":{"line":169,"column":90}},"88":{"start":{"line":169,"column":71},"end":{"line":169,"column":89}},"89":{"start":{"line":171,"column":6},"end":{"line":171,"column":19}},"90":{"start":{"line":172,"column":6},"end":{"line":172,"column":43}},"91":{"start":{"line":174,"column":6},"end":{"line":174,"column":25}},"92":{"start":{"line":175,"column":6},"end":{"line":175,"column":27}},"93":{"start":{"line":180,"column":29},"end":{"line":224,"column":3}},"94":{"start":{"line":182,"column":4},"end":{"line":182,"column":21}},"95":{"start":{"line":184,"column":21},"end":{"line":184,"column":76}},"96":{"start":{"line":185,"column":4},"end":{"line":189,"column":5}},"97":{"start":{"line":186,"column":6},"end":{"line":186,"column":39}},"98":{"start":{"line":187,"column":6},"end":{"line":187,"column":24}},"99":{"start":{"line":188,"column":6},"end":{"line":188,"column":13}},"100":{"start":{"line":191,"column":17},"end":{"line":196,"column":6}},"101":{"start":{"line":198,"column":4},"end":{"line":222,"column":5}},"102":{"start":{"line":200,"column":23},"end":{"line":201,"column":43}},"103":{"start":{"line":201,"column":24},"end":{"line":201,"column":42}},"104":{"start":{"line":203,"column":6},"end":{"line":208,"column":9}},"105":{"start":{"line":206,"column":8},"end":{"line":206,"column":27}},"106":{"start":{"line":207,"column":8},"end":{"line":207,"column":38}},"107":{"start":{"line":209,"column":6},"end":{"line":220,"column":8}},"108":{"start":{"line":213,"column":8},"end":{"line":213,"column":27}},"109":{"start":{"line":214,"column":8},"end":{"line":214,"column":26}},"110":{"start":{"line":217,"column":8},"end":{"line":217,"column":27}},"111":{"start":{"line":218,"column":8},"end":{"line":218,"column":38}},"112":{"start":{"line":221,"column":6},"end":{"line":221,"column":13}},"113":{"start":{"line":223,"column":4},"end":{"line":223,"column":22}},"114":{"start":{"line":226,"column":28},"end":{"line":263,"column":3}},"115":{"start":{"line":227,"column":4},"end":{"line":227,"column":21}},"116":{"start":{"line":228,"column":21},"end":{"line":228,"column":70}},"117":{"start":{"line":229,"column":4},"end":{"line":233,"column":5}},"118":{"start":{"line":230,"column":6},"end":{"line":230,"column":39}},"119":{"start":{"line":231,"column":6},"end":{"line":231,"column":24}},"120":{"start":{"line":232,"column":6},"end":{"line":232,"column":13}},"121":{"start":{"line":235,"column":17},"end":{"line":240,"column":6}},"122":{"start":{"line":243,"column":4},"end":{"line":261,"column":5}},"123":{"start":{"line":245,"column":24},"end":{"line":246,"column":44}},"124":{"start":{"line":246,"column":25},"end":{"line":246,"column":43}},"125":{"start":{"line":248,"column":7},"end":{"line":259,"column":7}},"126":{"start":{"line":252,"column":8},"end":{"line":252,"column":27}},"127":{"start":{"line":253,"column":8},"end":{"line":253,"column":26}},"128":{"start":{"line":256,"column":9},"end":{"line":256,"column":28}},"129":{"start":{"line":257,"column":9},"end":{"line":257,"column":40}},"130":{"start":{"line":260,"column":5},"end":{"line":260,"column":12}},"131":{"start":{"line":262,"column":4},"end":{"line":262,"column":22}},"132":{"start":{"line":265,"column":22},"end":{"line":275,"column":3}},"133":{"start":{"line":266,"column":22},"end":{"line":266,"column":70}},"134":{"start":{"line":267,"column":4},"end":{"line":274,"column":5}},"135":{"start":{"line":268,"column":6},"end":{"line":268,"column":36}},"136":{"start":{"line":270,"column":6},"end":{"line":270,"column":47}},"137":{"start":{"line":272,"column":6},"end":{"line":272,"column":24}},"138":{"start":{"line":273,"column":6},"end":{"line":273,"column":41}},"139":{"start":{"line":277,"column":2},"end":{"line":373,"column":4}},"140":{"start":{"line":280,"column":6},"end":{"line":280,"column":34}},"141":{"start":{"line":281,"column":6},"end":{"line":281,"column":34}},"142":{"start":{"line":300,"column":36},"end":{"line":300,"column":56}},"143":{"start":{"line":376,"column":15},"end":{"line":470,"column":2}}},"fnMap":{"0":{"name":"(anonymous_0)","decl":{"start":{"line":18,"column":16},"end":{"line":18,"column":17}},"loc":{"start":{"line":18,"column":36},"end":{"line":374,"column":1}},"line":18},"1":{"name":"(anonymous_1)","decl":{"start":{"line":47,"column":12},"end":{"line":47,"column":13}},"loc":{"start":{"line":47,"column":18},"end":{"line":64,"column":3}},"line":47},"2":{"name":"(anonymous_2)","decl":{"start":{"line":51,"column":43},"end":{"line":51,"column":44}},"loc":{"start":{"line":51,"column":57},"end":{"line":56,"column":7}},"line":51},"3":{"name":"(anonymous_3)","decl":{"start":{"line":56,"column":9},"end":{"line":56,"column":10}},"loc":{"start":{"line":56,"column":20},"end":{"line":59,"column":7}},"line":56},"4":{"name":"(anonymous_4)","decl":{"start":{"line":60,"column":13},"end":{"line":60,"column":14}},"loc":{"start":{"line":60,"column":19},"end":{"line":62,"column":7}},"line":60},"5":{"name":"(anonymous_5)","decl":{"start":{"line":66,"column":23},"end":{"line":66,"column":24}},"loc":{"start":{"line":66,"column":29},"end":{"line":68,"column":3}},"line":66},"6":{"name":"(anonymous_6)","decl":{"start":{"line":70,"column":32},"end":{"line":70,"column":33}},"loc":{"start":{"line":70,"column":38},"end":{"line":149,"column":3}},"line":70},"7":{"name":"(anonymous_7)","decl":{"start":{"line":115,"column":12},"end":{"line":115,"column":13}},"loc":{"start":{"line":115,"column":25},"end":{"line":143,"column":8}},"line":115},"8":{"name":"(anonymous_8)","decl":{"start":{"line":115,"column":56},"end":{"line":115,"column":57}},"loc":{"start":{"line":115,"column":66},"end":{"line":127,"column":7}},"line":115},"9":{"name":"(anonymous_9)","decl":{"start":{"line":128,"column":12},"end":{"line":128,"column":13}},"loc":{"start":{"line":128,"column":30},"end":{"line":143,"column":7}},"line":128},"10":{"name":"(anonymous_10)","decl":{"start":{"line":138,"column":18},"end":{"line":138,"column":19}},"loc":{"start":{"line":138,"column":24},"end":{"line":141,"column":11}},"line":138},"11":{"name":"(anonymous_11)","decl":{"start":{"line":151,"column":27},"end":{"line":151,"column":28}},"loc":{"start":{"line":151,"column":42},"end":{"line":177,"column":3}},"line":151},"12":{"name":"(anonymous_12)","decl":{"start":{"line":152,"column":35},"end":{"line":152,"column":36}},"loc":{"start":{"line":152,"column":56},"end":{"line":164,"column":5}},"line":152},"13":{"name":"(anonymous_13)","decl":{"start":{"line":154,"column":19},"end":{"line":154,"column":20}},"loc":{"start":{"line":154,"column":31},"end":{"line":156,"column":7}},"line":154},"14":{"name":"(anonymous_14)","decl":{"start":{"line":157,"column":20},"end":{"line":157,"column":21}},"loc":{"start":{"line":157,"column":33},"end":{"line":160,"column":7}},"line":157},"15":{"name":"(anonymous_15)","decl":{"start":{"line":169,"column":60},"end":{"line":169,"column":61}},"loc":{"start":{"line":169,"column":71},"end":{"line":169,"column":89}},"line":169},"16":{"name":"(anonymous_16)","decl":{"start":{"line":180,"column":29},"end":{"line":180,"column":30}},"loc":{"start":{"line":180,"column":41},"end":{"line":224,"column":3}},"line":180},"17":{"name":"(anonymous_17)","decl":{"start":{"line":201,"column":13},"end":{"line":201,"column":14}},"loc":{"start":{"line":201,"column":24},"end":{"line":201,"column":42}},"line":201},"18":{"name":"(anonymous_18)","decl":{"start":{"line":205,"column":15},"end":{"line":205,"column":16}},"loc":{"start":{"line":205,"column":26},"end":{"line":208,"column":7}},"line":205},"19":{"name":"(anonymous_19)","decl":{"start":{"line":212,"column":12},"end":{"line":212,"column":13}},"loc":{"start":{"line":212,"column":18},"end":{"line":215,"column":7}},"line":212},"20":{"name":"(anonymous_20)","decl":{"start":{"line":216,"column":13},"end":{"line":216,"column":14}},"loc":{"start":{"line":216,"column":24},"end":{"line":219,"column":9}},"line":216},"21":{"name":"(anonymous_21)","decl":{"start":{"line":226,"column":28},"end":{"line":226,"column":29}},"loc":{"start":{"line":226,"column":40},"end":{"line":263,"column":3}},"line":226},"22":{"name":"(anonymous_22)","decl":{"start":{"line":246,"column":14},"end":{"line":246,"column":15}},"loc":{"start":{"line":246,"column":25},"end":{"line":246,"column":43}},"line":246},"23":{"name":"(anonymous_23)","decl":{"start":{"line":251,"column":13},"end":{"line":251,"column":14}},"loc":{"start":{"line":251,"column":19},"end":{"line":254,"column":8}},"line":251},"24":{"name":"(anonymous_24)","decl":{"start":{"line":255,"column":14},"end":{"line":255,"column":15}},"loc":{"start":{"line":255,"column":25},"end":{"line":258,"column":8}},"line":255},"25":{"name":"(anonymous_25)","decl":{"start":{"line":265,"column":22},"end":{"line":265,"column":23}},"loc":{"start":{"line":265,"column":34},"end":{"line":275,"column":3}},"line":265},"26":{"name":"(anonymous_26)","decl":{"start":{"line":279,"column":40},"end":{"line":279,"column":41}},"loc":{"start":{"line":279,"column":46},"end":{"line":282,"column":5}},"line":279},"27":{"name":"(anonymous_27)","decl":{"start":{"line":300,"column":26},"end":{"line":300,"column":27}},"loc":{"start":{"line":300,"column":36},"end":{"line":300,"column":56}},"line":300}},"branchMap":{"0":{"loc":{"start":{"line":24,"column":22},"end":{"line":24,"column":48}},"type":"cond-expr","locations":[{"start":{"line":24,"column":27},"end":{"line":24,"column":43}},{"start":{"line":24,"column":44},"end":{"line":24,"column":48}}],"line":24},"1":{"loc":{"start":{"line":26,"column":22},"end":{"line":26,"column":66}},"type":"cond-expr","locations":[{"start":{"line":26,"column":36},"end":{"line":26,"column":59}},{"start":{"line":26,"column":62},"end":{"line":26,"column":66}}],"line":26},"2":{"loc":{"start":{"line":34,"column":37},"end":{"line":34,"column":78}},"type":"cond-expr","locations":[{"start":{"line":34,"column":51},"end":{"line":34,"column":71}},{"start":{"line":34,"column":74},"end":{"line":34,"column":78}}],"line":34},"3":{"loc":{"start":{"line":41,"column":23},"end":{"line":41,"column":125}},"type":"cond-expr","locations":[{"start":{"line":41,"column":32},"end":{"line":41,"column":41}},{"start":{"line":41,"column":42},"end":{"line":41,"column":125}}],"line":41},"4":{"loc":{"start":{"line":41,"column":42},"end":{"line":41,"column":125}},"type":"cond-expr","locations":[{"start":{"line":41,"column":51},"end":{"line":41,"column":60}},{"start":{"line":41,"column":61},"end":{"line":41,"column":125}}],"line":41},"5":{"loc":{"start":{"line":41,"column":61},"end":{"line":41,"column":125}},"type":"cond-expr","locations":[{"start":{"line":41,"column":71},"end":{"line":41,"column":80}},{"start":{"line":41,"column":81},"end":{"line":41,"column":125}}],"line":41},"6":{"loc":{"start":{"line":41,"column":81},"end":{"line":41,"column":125}},"type":"cond-expr","locations":[{"start":{"line":41,"column":90},"end":{"line":41,"column":96}},{"start":{"line":41,"column":97},"end":{"line":41,"column":125}}],"line":41},"7":{"loc":{"start":{"line":41,"column":97},"end":{"line":41,"column":125}},"type":"cond-expr","locations":[{"start":{"line":41,"column":106},"end":{"line":41,"column":115}},{"start":{"line":41,"column":116},"end":{"line":41,"column":125}}],"line":41},"8":{"loc":{"start":{"line":42,"column":21},"end":{"line":42,"column":117}},"type":"cond-expr","locations":[{"start":{"line":42,"column":30},"end":{"line":42,"column":36}},{"start":{"line":42,"column":37},"end":{"line":42,"column":117}}],"line":42},"9":{"loc":{"start":{"line":42,"column":37},"end":{"line":42,"column":117}},"type":"cond-expr","locations":[{"start":{"line":42,"column":46},"end":{"line":42,"column":54}},{"start":{"line":42,"column":55},"end":{"line":42,"column":117}}],"line":42},"10":{"loc":{"start":{"line":42,"column":55},"end":{"line":42,"column":117}},"type":"cond-expr","locations":[{"start":{"line":42,"column":64},"end":{"line":42,"column":72}},{"start":{"line":42,"column":73},"end":{"line":42,"column":117}}],"line":42},"11":{"loc":{"start":{"line":42,"column":73},"end":{"line":42,"column":117}},"type":"cond-expr","locations":[{"start":{"line":42,"column":82},"end":{"line":42,"column":88}},{"start":{"line":42,"column":89},"end":{"line":42,"column":117}}],"line":42},"12":{"loc":{"start":{"line":42,"column":89},"end":{"line":42,"column":117}},"type":"cond-expr","locations":[{"start":{"line":42,"column":98},"end":{"line":42,"column":107}},{"start":{"line":42,"column":108},"end":{"line":42,"column":117}}],"line":42},"13":{"loc":{"start":{"line":45,"column":22},"end":{"line":45,"column":66}},"type":"cond-expr","locations":[{"start":{"line":45,"column":36},"end":{"line":45,"column":59}},{"start":{"line":45,"column":62},"end":{"line":45,"column":66}}],"line":45},"14":{"loc":{"start":{"line":48,"column":4},"end":{"line":63,"column":5}},"type":"if","locations":[{"start":{"line":48,"column":4},"end":{"line":63,"column":5}},{"start":{},"end":{}}],"line":48},"15":{"loc":{"start":{"line":52,"column":8},"end":{"line":55,"column":9}},"type":"if","locations":[{"start":{"line":52,"column":8},"end":{"line":55,"column":9}},{"start":{},"end":{}}],"line":52},"16":{"loc":{"start":{"line":74,"column":4},"end":{"line":78,"column":5}},"type":"if","locations":[{"start":{"line":74,"column":4},"end":{"line":78,"column":5}},{"start":{},"end":{}}],"line":74},"17":{"loc":{"start":{"line":80,"column":4},"end":{"line":85,"column":5}},"type":"if","locations":[{"start":{"line":80,"column":4},"end":{"line":85,"column":5}},{"start":{},"end":{}}],"line":80},"18":{"loc":{"start":{"line":87,"column":4},"end":{"line":91,"column":5}},"type":"if","locations":[{"start":{"line":87,"column":4},"end":{"line":91,"column":5}},{"start":{},"end":{}}],"line":87},"19":{"loc":{"start":{"line":93,"column":4},"end":{"line":97,"column":5}},"type":"if","locations":[{"start":{"line":93,"column":4},"end":{"line":97,"column":5}},{"start":{},"end":{}}],"line":93},"20":{"loc":{"start":{"line":99,"column":4},"end":{"line":106,"column":5}},"type":"if","locations":[{"start":{"line":99,"column":4},"end":{"line":106,"column":5}},{"start":{},"end":{}}],"line":99},"21":{"loc":{"start":{"line":116,"column":8},"end":{"line":126,"column":9}},"type":"if","locations":[{"start":{"line":116,"column":8},"end":{"line":126,"column":9}},{"start":{"line":122,"column":15},"end":{"line":126,"column":9}}],"line":116},"22":{"loc":{"start":{"line":129,"column":8},"end":{"line":142,"column":9}},"type":"if","locations":[{"start":{"line":129,"column":8},"end":{"line":142,"column":9}},{"start":{},"end":{}}],"line":129},"23":{"loc":{"start":{"line":185,"column":4},"end":{"line":189,"column":5}},"type":"if","locations":[{"start":{"line":185,"column":4},"end":{"line":189,"column":5}},{"start":{},"end":{}}],"line":185},"24":{"loc":{"start":{"line":198,"column":4},"end":{"line":222,"column":5}},"type":"if","locations":[{"start":{"line":198,"column":4},"end":{"line":222,"column":5}},{"start":{},"end":{}}],"line":198},"25":{"loc":{"start":{"line":229,"column":4},"end":{"line":233,"column":5}},"type":"if","locations":[{"start":{"line":229,"column":4},"end":{"line":233,"column":5}},{"start":{},"end":{}}],"line":229},"26":{"loc":{"start":{"line":243,"column":4},"end":{"line":261,"column":5}},"type":"if","locations":[{"start":{"line":243,"column":4},"end":{"line":261,"column":5}},{"start":{},"end":{}}],"line":243},"27":{"loc":{"start":{"line":288,"column":13},"end":{"line":292,"column":13}},"type":"cond-expr","locations":[{"start":{"line":289,"column":14},"end":{"line":289,"column":68}},{"start":{"line":291,"column":14},"end":{"line":291,"column":102}}],"line":288},"28":{"loc":{"start":{"line":296,"column":11},"end":{"line":358,"column":11}},"type":"cond-expr","locations":[{"start":{"line":297,"column":12},"end":{"line":305,"column":14}},{"start":{"line":307,"column":12},"end":{"line":357,"column":19}}],"line":296},"29":{"loc":{"start":{"line":312,"column":17},"end":{"line":318,"column":17}},"type":"cond-expr","locations":[{"start":{"line":313,"column":18},"end":{"line":313,"column":93}},{"start":{"line":314,"column":20},"end":{"line":318,"column":17}}],"line":312},"30":{"loc":{"start":{"line":314,"column":20},"end":{"line":318,"column":17}},"type":"cond-expr","locations":[{"start":{"line":315,"column":18},"end":{"line":315,"column":90}},{"start":{"line":317,"column":18},"end":{"line":317,"column":26}}],"line":314},"31":{"loc":{"start":{"line":322,"column":15},"end":{"line":346,"column":15}},"type":"binary-expr","locations":[{"start":{"line":322,"column":15},"end":{"line":322,"column":27}},{"start":{"line":323,"column":16},"end":{"line":345,"column":23}}],"line":322},"32":{"loc":{"start":{"line":349,"column":15},"end":{"line":356,"column":15}},"type":"binary-expr","locations":[{"start":{"line":349,"column":15},"end":{"line":349,"column":26}},{"start":{"line":350,"column":16},"end":{"line":355,"column":21}}],"line":349},"33":{"loc":{"start":{"line":360,"column":11},"end":{"line":368,"column":11}},"type":"binary-expr","locations":[{"start":{"line":360,"column":11},"end":{"line":360,"column":23}},{"start":{"line":361,"column":12},"end":{"line":367,"column":17}}],"line":360}},"s":{"0":2,"1":2,"2":10,"3":10,"4":10,"5":10,"6":10,"7":10,"8":10,"9":10,"10":10,"11":10,"12":10,"13":10,"14":10,"15":2,"16":2,"17":2,"18":0,"19":0,"20":0,"21":0,"22":0,"23":2,"24":2,"25":10,"26":2,"27":10,"28":2,"29":2,"30":2,"31":0,"32":0,"33":0,"34":2,"35":0,"36":0,"37":0,"38":2,"39":0,"40":0,"41":0,"42":2,"43":0,"44":0,"45":0,"46":2,"47":0,"48":0,"49":0,"50":0,"51":0,"52":2,"53":2,"54":2,"55":2,"56":2,"57":2,"58":0,"59":0,"60":0,"61":0,"62":0,"63":0,"64":2,"65":1,"66":1,"67":1,"68":1,"69":1,"70":1,"71":0,"72":0,"73":0,"74":10,"75":0,"76":0,"77":0,"78":0,"79":0,"80":0,"81":0,"82":0,"83":0,"84":0,"85":0,"86":0,"87":0,"88":0,"89":0,"90":0,"91":0,"92":0,"93":10,"94":0,"95":0,"96":0,"97":0,"98":0,"99":0,"100":0,"101":0,"102":0,"103":0,"104":0,"105":0,"106":0,"107":0,"108":0,"109":0,"110":0,"111":0,"112":0,"113":0,"114":10,"115":0,"116":0,"117":0,"118":0,"119":0,"120":0,"121":0,"122":0,"123":0,"124":0,"125":0,"126":0,"127":0,"128":0,"129":0,"130":0,"131":0,"132":10,"133":0,"134":0,"135":0,"136":0,"137":0,"138":0,"139":10,"140":0,"141":0,"142":2,"143":2},"f":{"0":10,"1":2,"2":0,"3":0,"4":2,"5":2,"6":2,"7":2,"8":0,"9":2,"10":1,"11":0,"12":0,"13":0,"14":0,"15":0,"16":0,"17":0,"18":0,"19":0,"20":0,"21":0,"22":0,"23":0,"24":0,"25":0,"26":0,"27":2},"b":{"0":[0,10],"1":[0,10],"2":[0,10],"3":[10,0],"4":[0,0],"5":[0,0],"6":[0,0],"7":[0,0],"8":[10,0],"9":[0,0],"10":[0,0],"11":[0,0],"12":[0,0],"13":[0,10],"14":[2,0],"15":[0,0],"16":[0,2],"17":[0,2],"18":[0,2],"19":[0,2],"20":[0,2],"21":[0,0],"22":[1,1],"23":[0,0],"24":[0,0],"25":[0,0],"26":[0,0],"27":[0,10],"28":[7,3],"29":[0,3],"30":[0,3],"31":[3,3],"32":[3,0],"33":[10,10]},"_coverageSchema":"1a1c01bbd47fc00a2c39e90264f33305004495a9","hash":"ea1ddf63a71ad3e1b32520fcd5cecd6d0944d6cb"}
,"/Users/gosongying/orbital2/orbital/src/screen/Authentication/LandingPage.js": {"path":"/Users/gosongying/orbital2/orbital/src/screen/Authentication/LandingPage.js","statementMap":{"0":{"start":{"line":17,"column":20},"end":{"line":92,"column":1}},"1":{"start":{"line":19,"column":34},"end":{"line":19,"column":49}},"2":{"start":{"line":21,"column":20},"end":{"line":24,"column":3}},"3":{"start":{"line":22,"column":4},"end":{"line":22,"column":21}},"4":{"start":{"line":23,"column":4},"end":{"line":23,"column":32}},"5":{"start":{"line":26,"column":21},"end":{"line":29,"column":3}},"6":{"start":{"line":27,"column":4},"end":{"line":27,"column":21}},"7":{"start":{"line":28,"column":4},"end":{"line":28,"column":33}},"8":{"start":{"line":31,"column":26},"end":{"line":61,"column":3}},"9":{"start":{"line":33,"column":4},"end":{"line":33,"column":21}},"10":{"start":{"line":47,"column":4},"end":{"line":60,"column":5}},"11":{"start":{"line":48,"column":6},"end":{"line":51,"column":8}},"12":{"start":{"line":50,"column":8},"end":{"line":50,"column":35}},"13":{"start":{"line":53,"column":26},"end":{"line":53,"column":54}},"14":{"start":{"line":54,"column":6},"end":{"line":56,"column":8}},"15":{"start":{"line":58,"column":6},"end":{"line":58,"column":25}},"16":{"start":{"line":59,"column":6},"end":{"line":59,"column":27}},"17":{"start":{"line":63,"column":2},"end":{"line":91,"column":4}},"18":{"start":{"line":94,"column":15},"end":{"line":158,"column":2}}},"fnMap":{"0":{"name":"(anonymous_0)","decl":{"start":{"line":17,"column":20},"end":{"line":17,"column":21}},"loc":{"start":{"line":17,"column":38},"end":{"line":92,"column":1}},"line":17},"1":{"name":"(anonymous_1)","decl":{"start":{"line":21,"column":20},"end":{"line":21,"column":21}},"loc":{"start":{"line":21,"column":26},"end":{"line":24,"column":3}},"line":21},"2":{"name":"(anonymous_2)","decl":{"start":{"line":26,"column":21},"end":{"line":26,"column":22}},"loc":{"start":{"line":26,"column":27},"end":{"line":29,"column":3}},"line":26},"3":{"name":"(anonymous_3)","decl":{"start":{"line":31,"column":26},"end":{"line":31,"column":27}},"loc":{"start":{"line":31,"column":38},"end":{"line":61,"column":3}},"line":31},"4":{"name":"(anonymous_4)","decl":{"start":{"line":49,"column":12},"end":{"line":49,"column":13}},"loc":{"start":{"line":49,"column":18},"end":{"line":51,"column":7}},"line":49}},"branchMap":{"0":{"loc":{"start":{"line":53,"column":26},"end":{"line":53,"column":54}},"type":"cond-expr","locations":[{"start":{"line":53,"column":32},"end":{"line":53,"column":48}},{"start":{"line":53,"column":50},"end":{"line":53,"column":54}}],"line":53}},"s":{"0":1,"1":2,"2":2,"3":0,"4":0,"5":2,"6":0,"7":0,"8":2,"9":1,"10":1,"11":1,"12":1,"13":1,"14":1,"15":0,"16":0,"17":2,"18":1},"f":{"0":2,"1":0,"2":0,"3":1,"4":1},"b":{"0":[0,1]},"_coverageSchema":"1a1c01bbd47fc00a2c39e90264f33305004495a9","hash":"ba240aa2c765f801f7565dc9e375be60cd84dca5"}
,"/Users/gosongying/orbital2/orbital/src/screen/Authentication/LoginPage.js": {"path":"/Users/gosongying/orbital2/orbital/src/screen/Authentication/LoginPage.js","statementMap":{"0":{"start":{"line":19,"column":18},"end":{"line":258,"column":1}},"1":{"start":{"line":21,"column":28},"end":{"line":21,"column":40}},"2":{"start":{"line":23,"column":34},"end":{"line":23,"column":46}},"3":{"start":{"line":25,"column":42},"end":{"line":25,"column":57}},"4":{"start":{"line":27,"column":44},"end":{"line":27,"column":59}},"5":{"start":{"line":29,"column":38},"end":{"line":29,"column":50}},"6":{"start":{"line":31,"column":44},"end":{"line":31,"column":59}},"7":{"start":{"line":33,"column":34},"end":{"line":33,"column":49}},"8":{"start":{"line":35,"column":24},"end":{"line":61,"column":3}},"9":{"start":{"line":36,"column":4},"end":{"line":36,"column":27}},"10":{"start":{"line":38,"column":4},"end":{"line":60,"column":9}},"11":{"start":{"line":41,"column":8},"end":{"line":41,"column":88}},"12":{"start":{"line":42,"column":8},"end":{"line":42,"column":31}},"13":{"start":{"line":43,"column":8},"end":{"line":43,"column":26}},"14":{"start":{"line":44,"column":8},"end":{"line":44,"column":32}},"15":{"start":{"line":48,"column":8},"end":{"line":48,"column":32}},"16":{"start":{"line":49,"column":26},"end":{"line":49,"column":36}},"17":{"start":{"line":50,"column":29},"end":{"line":50,"column":42}},"18":{"start":{"line":51,"column":8},"end":{"line":59,"column":9}},"19":{"start":{"line":52,"column":10},"end":{"line":52,"column":47}},"20":{"start":{"line":53,"column":15},"end":{"line":59,"column":9}},"21":{"start":{"line":54,"column":10},"end":{"line":54,"column":47}},"22":{"start":{"line":55,"column":15},"end":{"line":59,"column":9}},"23":{"start":{"line":56,"column":10},"end":{"line":56,"column":48}},"24":{"start":{"line":58,"column":10},"end":{"line":58,"column":45}},"25":{"start":{"line":64,"column":28},"end":{"line":66,"column":3}},"26":{"start":{"line":65,"column":4},"end":{"line":65,"column":19}},"27":{"start":{"line":68,"column":31},"end":{"line":70,"column":3}},"28":{"start":{"line":69,"column":4},"end":{"line":69,"column":22}},"29":{"start":{"line":72,"column":25},"end":{"line":74,"column":3}},"30":{"start":{"line":73,"column":4},"end":{"line":73,"column":26}},"31":{"start":{"line":76,"column":21},"end":{"line":79,"column":3}},"32":{"start":{"line":77,"column":4},"end":{"line":77,"column":21}},"33":{"start":{"line":78,"column":4},"end":{"line":78,"column":33}},"34":{"start":{"line":81,"column":22},"end":{"line":84,"column":3}},"35":{"start":{"line":82,"column":4},"end":{"line":82,"column":21}},"36":{"start":{"line":83,"column":4},"end":{"line":83,"column":34}},"37":{"start":{"line":106,"column":20},"end":{"line":142,"column":3}},"38":{"start":{"line":108,"column":4},"end":{"line":108,"column":26}},"39":{"start":{"line":109,"column":4},"end":{"line":109,"column":21}},"40":{"start":{"line":111,"column":4},"end":{"line":141,"column":6}},"41":{"start":{"line":114,"column":19},"end":{"line":114,"column":38}},"42":{"start":{"line":115,"column":6},"end":{"line":121,"column":7}},"43":{"start":{"line":117,"column":8},"end":{"line":117,"column":35}},"44":{"start":{"line":120,"column":8},"end":{"line":120,"column":38}},"45":{"start":{"line":125,"column":6},"end":{"line":125,"column":29}},"46":{"start":{"line":126,"column":6},"end":{"line":126,"column":24}},"47":{"start":{"line":127,"column":24},"end":{"line":127,"column":34}},"48":{"start":{"line":128,"column":6},"end":{"line":140,"column":7}},"49":{"start":{"line":129,"column":8},"end":{"line":129,"column":45}},"50":{"start":{"line":130,"column":13},"end":{"line":140,"column":7}},"51":{"start":{"line":131,"column":8},"end":{"line":131,"column":38}},"52":{"start":{"line":132,"column":13},"end":{"line":140,"column":7}},"53":{"start":{"line":133,"column":8},"end":{"line":133,"column":45}},"54":{"start":{"line":134,"column":13},"end":{"line":140,"column":7}},"55":{"start":{"line":135,"column":8},"end":{"line":135,"column":48}},"56":{"start":{"line":136,"column":13},"end":{"line":140,"column":7}},"57":{"start":{"line":137,"column":8},"end":{"line":137,"column":64}},"58":{"start":{"line":139,"column":8},"end":{"line":139,"column":29}},"59":{"start":{"line":144,"column":2},"end":{"line":257,"column":6}},"60":{"start":{"line":194,"column":23},"end":{"line":194,"column":49}},"61":{"start":{"line":222,"column":40},"end":{"line":222,"column":59}},"62":{"start":{"line":234,"column":18},"end":{"line":234,"column":41}},"63":{"start":{"line":235,"column":18},"end":{"line":235,"column":36}},"64":{"start":{"line":260,"column":15},"end":{"line":390,"column":2}}},"fnMap":{"0":{"name":"(anonymous_0)","decl":{"start":{"line":19,"column":18},"end":{"line":19,"column":19}},"loc":{"start":{"line":19,"column":36},"end":{"line":258,"column":1}},"line":19},"1":{"name":"(anonymous_1)","decl":{"start":{"line":35,"column":24},"end":{"line":35,"column":25}},"loc":{"start":{"line":35,"column":30},"end":{"line":61,"column":3}},"line":35},"2":{"name":"(anonymous_2)","decl":{"start":{"line":39,"column":12},"end":{"line":39,"column":13}},"loc":{"start":{"line":39,"column":18},"end":{"line":45,"column":7}},"line":39},"3":{"name":"(anonymous_3)","decl":{"start":{"line":46,"column":13},"end":{"line":46,"column":14}},"loc":{"start":{"line":46,"column":24},"end":{"line":60,"column":7}},"line":46},"4":{"name":"(anonymous_4)","decl":{"start":{"line":64,"column":28},"end":{"line":64,"column":29}},"loc":{"start":{"line":64,"column":38},"end":{"line":66,"column":3}},"line":64},"5":{"name":"(anonymous_5)","decl":{"start":{"line":68,"column":31},"end":{"line":68,"column":32}},"loc":{"start":{"line":68,"column":41},"end":{"line":70,"column":3}},"line":68},"6":{"name":"(anonymous_6)","decl":{"start":{"line":72,"column":25},"end":{"line":72,"column":26}},"loc":{"start":{"line":72,"column":31},"end":{"line":74,"column":3}},"line":72},"7":{"name":"(anonymous_7)","decl":{"start":{"line":76,"column":21},"end":{"line":76,"column":22}},"loc":{"start":{"line":76,"column":27},"end":{"line":79,"column":3}},"line":76},"8":{"name":"(anonymous_8)","decl":{"start":{"line":81,"column":22},"end":{"line":81,"column":23}},"loc":{"start":{"line":81,"column":28},"end":{"line":84,"column":3}},"line":81},"9":{"name":"(anonymous_9)","decl":{"start":{"line":106,"column":20},"end":{"line":106,"column":21}},"loc":{"start":{"line":106,"column":41},"end":{"line":142,"column":3}},"line":106},"10":{"name":"(anonymous_10)","decl":{"start":{"line":112,"column":10},"end":{"line":112,"column":11}},"loc":{"start":{"line":112,"column":30},"end":{"line":122,"column":5}},"line":112},"11":{"name":"(anonymous_11)","decl":{"start":{"line":123,"column":11},"end":{"line":123,"column":12}},"loc":{"start":{"line":123,"column":22},"end":{"line":141,"column":5}},"line":123},"12":{"name":"(anonymous_12)","decl":{"start":{"line":194,"column":19},"end":{"line":194,"column":20}},"loc":{"start":{"line":194,"column":23},"end":{"line":194,"column":49}},"line":194},"13":{"name":"(anonymous_13)","decl":{"start":{"line":222,"column":32},"end":{"line":222,"column":33}},"loc":{"start":{"line":222,"column":40},"end":{"line":222,"column":59}},"line":222},"14":{"name":"(anonymous_14)","decl":{"start":{"line":233,"column":26},"end":{"line":233,"column":27}},"loc":{"start":{"line":233,"column":32},"end":{"line":236,"column":17}},"line":233}},"branchMap":{"0":{"loc":{"start":{"line":51,"column":8},"end":{"line":59,"column":9}},"type":"if","locations":[{"start":{"line":51,"column":8},"end":{"line":59,"column":9}},{"start":{"line":53,"column":15},"end":{"line":59,"column":9}}],"line":51},"1":{"loc":{"start":{"line":53,"column":15},"end":{"line":59,"column":9}},"type":"if","locations":[{"start":{"line":53,"column":15},"end":{"line":59,"column":9}},{"start":{"line":55,"column":15},"end":{"line":59,"column":9}}],"line":53},"2":{"loc":{"start":{"line":55,"column":15},"end":{"line":59,"column":9}},"type":"if","locations":[{"start":{"line":55,"column":15},"end":{"line":59,"column":9}},{"start":{"line":57,"column":15},"end":{"line":59,"column":9}}],"line":55},"3":{"loc":{"start":{"line":115,"column":6},"end":{"line":121,"column":7}},"type":"if","locations":[{"start":{"line":115,"column":6},"end":{"line":121,"column":7}},{"start":{"line":118,"column":13},"end":{"line":121,"column":7}}],"line":115},"4":{"loc":{"start":{"line":128,"column":6},"end":{"line":140,"column":7}},"type":"if","locations":[{"start":{"line":128,"column":6},"end":{"line":140,"column":7}},{"start":{"line":130,"column":13},"end":{"line":140,"column":7}}],"line":128},"5":{"loc":{"start":{"line":130,"column":13},"end":{"line":140,"column":7}},"type":"if","locations":[{"start":{"line":130,"column":13},"end":{"line":140,"column":7}},{"start":{"line":132,"column":13},"end":{"line":140,"column":7}}],"line":130},"6":{"loc":{"start":{"line":132,"column":13},"end":{"line":140,"column":7}},"type":"if","locations":[{"start":{"line":132,"column":13},"end":{"line":140,"column":7}},{"start":{"line":134,"column":13},"end":{"line":140,"column":7}}],"line":132},"7":{"loc":{"start":{"line":134,"column":13},"end":{"line":140,"column":7}},"type":"if","locations":[{"start":{"line":134,"column":13},"end":{"line":140,"column":7}},{"start":{"line":136,"column":13},"end":{"line":140,"column":7}}],"line":134},"8":{"loc":{"start":{"line":136,"column":13},"end":{"line":140,"column":7}},"type":"if","locations":[{"start":{"line":136,"column":13},"end":{"line":140,"column":7}},{"start":{"line":138,"column":13},"end":{"line":140,"column":7}}],"line":136},"9":{"loc":{"start":{"line":156,"column":20},"end":{"line":156,"column":45}},"type":"binary-expr","locations":[{"start":{"line":156,"column":20},"end":{"line":156,"column":32}},{"start":{"line":156,"column":36},"end":{"line":156,"column":45}}],"line":156},"10":{"loc":{"start":{"line":169,"column":20},"end":{"line":169,"column":47}},"type":"binary-expr","locations":[{"start":{"line":169,"column":20},"end":{"line":169,"column":33}},{"start":{"line":169,"column":37},"end":{"line":169,"column":47}}],"line":169},"11":{"loc":{"start":{"line":181,"column":20},"end":{"line":181,"column":47}},"type":"binary-expr","locations":[{"start":{"line":181,"column":20},"end":{"line":181,"column":33}},{"start":{"line":181,"column":37},"end":{"line":181,"column":47}}],"line":181},"12":{"loc":{"start":{"line":186,"column":9},"end":{"line":197,"column":9}},"type":"cond-expr","locations":[{"start":{"line":187,"column":10},"end":{"line":189,"column":17}},{"start":{"line":191,"column":8},"end":{"line":196,"column":27}}],"line":186},"13":{"loc":{"start":{"line":199,"column":61},"end":{"line":199,"column":86}},"type":"binary-expr","locations":[{"start":{"line":199,"column":61},"end":{"line":199,"column":73}},{"start":{"line":199,"column":77},"end":{"line":199,"column":86}}],"line":199},"14":{"loc":{"start":{"line":205,"column":59},"end":{"line":205,"column":84}},"type":"binary-expr","locations":[{"start":{"line":205,"column":59},"end":{"line":205,"column":71}},{"start":{"line":205,"column":75},"end":{"line":205,"column":84}}],"line":205},"15":{"loc":{"start":{"line":243,"column":17},"end":{"line":251,"column":17}},"type":"cond-expr","locations":[{"start":{"line":244,"column":18},"end":{"line":246,"column":25}},{"start":{"line":248,"column":16},"end":{"line":250,"column":35}}],"line":243}},"s":{"0":1,"1":26,"2":26,"3":26,"4":26,"5":26,"6":26,"7":26,"8":26,"9":2,"10":2,"11":1,"12":1,"13":1,"14":1,"15":1,"16":1,"17":1,"18":1,"19":1,"20":0,"21":0,"22":0,"23":0,"24":0,"25":26,"26":3,"27":26,"28":3,"29":26,"30":2,"31":26,"32":0,"33":0,"34":26,"35":0,"36":0,"37":26,"38":3,"39":3,"40":3,"41":2,"42":2,"43":1,"44":1,"45":1,"46":1,"47":1,"48":1,"49":1,"50":0,"51":0,"52":0,"53":0,"54":0,"55":0,"56":0,"57":0,"58":0,"59":26,"60":3,"61":2,"62":0,"63":0,"64":1},"f":{"0":26,"1":2,"2":1,"3":1,"4":3,"5":3,"6":2,"7":0,"8":0,"9":3,"10":2,"11":1,"12":3,"13":2,"14":0},"b":{"0":[1,0],"1":[0,0],"2":[0,0],"3":[1,1],"4":[1,0],"5":[0,0],"6":[0,0],"7":[0,0],"8":[0,0],"9":[26,23],"10":[26,23],"11":[26,23],"12":[3,23],"13":[26,23],"14":[26,23],"15":[4,22]},"_coverageSchema":"1a1c01bbd47fc00a2c39e90264f33305004495a9","hash":"b923ffdfbbf5ae43772259bac942182da56fef9f"}
,"/Users/gosongying/orbital2/orbital/src/screen/Authentication/SignupPage.js": {"path":"/Users/gosongying/orbital2/orbital/src/screen/Authentication/SignupPage.js","statementMap":{"0":{"start":{"line":18,"column":19},"end":{"line":197,"column":1}},"1":{"start":{"line":20,"column":26},"end":{"line":20,"column":38}},"2":{"start":{"line":22,"column":36},"end":{"line":22,"column":48}},"3":{"start":{"line":24,"column":36},"end":{"line":24,"column":48}},"4":{"start":{"line":26,"column":34},"end":{"line":26,"column":49}},"5":{"start":{"line":28,"column":34},"end":{"line":28,"column":49}},"6":{"start":{"line":30,"column":27},"end":{"line":32,"column":3}},"7":{"start":{"line":31,"column":4},"end":{"line":31,"column":18}},"8":{"start":{"line":34,"column":32},"end":{"line":36,"column":3}},"9":{"start":{"line":35,"column":4},"end":{"line":35,"column":23}},"10":{"start":{"line":38,"column":32},"end":{"line":40,"column":3}},"11":{"start":{"line":39,"column":4},"end":{"line":39,"column":23}},"12":{"start":{"line":56,"column":21},"end":{"line":107,"column":3}},"13":{"start":{"line":58,"column":4},"end":{"line":58,"column":21}},"14":{"start":{"line":59,"column":4},"end":{"line":59,"column":21}},"15":{"start":{"line":61,"column":4},"end":{"line":66,"column":5}},"16":{"start":{"line":62,"column":6},"end":{"line":62,"column":40}},"17":{"start":{"line":63,"column":6},"end":{"line":63,"column":24}},"18":{"start":{"line":64,"column":6},"end":{"line":64,"column":24}},"19":{"start":{"line":65,"column":6},"end":{"line":65,"column":13}},"20":{"start":{"line":68,"column":4},"end":{"line":73,"column":5}},"21":{"start":{"line":69,"column":6},"end":{"line":69,"column":42}},"22":{"start":{"line":70,"column":6},"end":{"line":70,"column":24}},"23":{"start":{"line":71,"column":6},"end":{"line":71,"column":24}},"24":{"start":{"line":72,"column":6},"end":{"line":72,"column":13}},"25":{"start":{"line":75,"column":4},"end":{"line":80,"column":5}},"26":{"start":{"line":76,"column":6},"end":{"line":76,"column":44}},"27":{"start":{"line":77,"column":6},"end":{"line":77,"column":24}},"28":{"start":{"line":78,"column":6},"end":{"line":78,"column":24}},"29":{"start":{"line":79,"column":6},"end":{"line":79,"column":13}},"30":{"start":{"line":82,"column":4},"end":{"line":106,"column":6}},"31":{"start":{"line":85,"column":6},"end":{"line":85,"column":36}},"32":{"start":{"line":89,"column":6},"end":{"line":89,"column":24}},"33":{"start":{"line":90,"column":6},"end":{"line":90,"column":24}},"34":{"start":{"line":91,"column":24},"end":{"line":91,"column":34}},"35":{"start":{"line":92,"column":6},"end":{"line":105,"column":7}},"36":{"start":{"line":93,"column":8},"end":{"line":93,"column":45}},"37":{"start":{"line":94,"column":13},"end":{"line":105,"column":7}},"38":{"start":{"line":95,"column":8},"end":{"line":95,"column":70}},"39":{"start":{"line":96,"column":13},"end":{"line":105,"column":7}},"40":{"start":{"line":98,"column":8},"end":{"line":98,"column":48}},"41":{"start":{"line":99,"column":13},"end":{"line":105,"column":7}},"42":{"start":{"line":100,"column":8},"end":{"line":100,"column":45}},"43":{"start":{"line":101,"column":13},"end":{"line":105,"column":7}},"44":{"start":{"line":102,"column":8},"end":{"line":102,"column":62}},"45":{"start":{"line":104,"column":8},"end":{"line":104,"column":29}},"46":{"start":{"line":110,"column":20},"end":{"line":113,"column":3}},"47":{"start":{"line":111,"column":4},"end":{"line":111,"column":21}},"48":{"start":{"line":112,"column":4},"end":{"line":112,"column":32}},"49":{"start":{"line":115,"column":22},"end":{"line":118,"column":3}},"50":{"start":{"line":116,"column":4},"end":{"line":116,"column":21}},"51":{"start":{"line":117,"column":4},"end":{"line":117,"column":34}},"52":{"start":{"line":120,"column":2},"end":{"line":196,"column":4}},"53":{"start":{"line":200,"column":15},"end":{"line":267,"column":2}}},"fnMap":{"0":{"name":"(anonymous_0)","decl":{"start":{"line":18,"column":19},"end":{"line":18,"column":20}},"loc":{"start":{"line":18,"column":37},"end":{"line":197,"column":1}},"line":18},"1":{"name":"(anonymous_1)","decl":{"start":{"line":30,"column":27},"end":{"line":30,"column":28}},"loc":{"start":{"line":30,"column":37},"end":{"line":32,"column":3}},"line":30},"2":{"name":"(anonymous_2)","decl":{"start":{"line":34,"column":32},"end":{"line":34,"column":33}},"loc":{"start":{"line":34,"column":42},"end":{"line":36,"column":3}},"line":34},"3":{"name":"(anonymous_3)","decl":{"start":{"line":38,"column":32},"end":{"line":38,"column":33}},"loc":{"start":{"line":38,"column":42},"end":{"line":40,"column":3}},"line":38},"4":{"name":"(anonymous_4)","decl":{"start":{"line":56,"column":21},"end":{"line":56,"column":22}},"loc":{"start":{"line":56,"column":27},"end":{"line":107,"column":3}},"line":56},"5":{"name":"(anonymous_5)","decl":{"start":{"line":83,"column":10},"end":{"line":83,"column":11}},"loc":{"start":{"line":83,"column":16},"end":{"line":86,"column":5}},"line":83},"6":{"name":"(anonymous_6)","decl":{"start":{"line":87,"column":11},"end":{"line":87,"column":12}},"loc":{"start":{"line":87,"column":22},"end":{"line":106,"column":5}},"line":87},"7":{"name":"(anonymous_7)","decl":{"start":{"line":110,"column":20},"end":{"line":110,"column":21}},"loc":{"start":{"line":110,"column":26},"end":{"line":113,"column":3}},"line":110},"8":{"name":"(anonymous_8)","decl":{"start":{"line":115,"column":22},"end":{"line":115,"column":23}},"loc":{"start":{"line":115,"column":28},"end":{"line":118,"column":3}},"line":115}},"branchMap":{"0":{"loc":{"start":{"line":61,"column":4},"end":{"line":66,"column":5}},"type":"if","locations":[{"start":{"line":61,"column":4},"end":{"line":66,"column":5}},{"start":{},"end":{}}],"line":61},"1":{"loc":{"start":{"line":61,"column":8},"end":{"line":61,"column":44}},"type":"binary-expr","locations":[{"start":{"line":61,"column":8},"end":{"line":61,"column":24}},{"start":{"line":61,"column":28},"end":{"line":61,"column":44}}],"line":61},"2":{"loc":{"start":{"line":68,"column":4},"end":{"line":73,"column":5}},"type":"if","locations":[{"start":{"line":68,"column":4},"end":{"line":73,"column":5}},{"start":{},"end":{}}],"line":68},"3":{"loc":{"start":{"line":68,"column":8},"end":{"line":68,"column":44}},"type":"binary-expr","locations":[{"start":{"line":68,"column":8},"end":{"line":68,"column":24}},{"start":{"line":68,"column":28},"end":{"line":68,"column":44}}],"line":68},"4":{"loc":{"start":{"line":75,"column":4},"end":{"line":80,"column":5}},"type":"if","locations":[{"start":{"line":75,"column":4},"end":{"line":80,"column":5}},{"start":{},"end":{}}],"line":75},"5":{"loc":{"start":{"line":92,"column":6},"end":{"line":105,"column":7}},"type":"if","locations":[{"start":{"line":92,"column":6},"end":{"line":105,"column":7}},{"start":{"line":94,"column":13},"end":{"line":105,"column":7}}],"line":92},"6":{"loc":{"start":{"line":94,"column":13},"end":{"line":105,"column":7}},"type":"if","locations":[{"start":{"line":94,"column":13},"end":{"line":105,"column":7}},{"start":{"line":96,"column":13},"end":{"line":105,"column":7}}],"line":94},"7":{"loc":{"start":{"line":96,"column":13},"end":{"line":105,"column":7}},"type":"if","locations":[{"start":{"line":96,"column":13},"end":{"line":105,"column":7}},{"start":{"line":99,"column":13},"end":{"line":105,"column":7}}],"line":96},"8":{"loc":{"start":{"line":99,"column":13},"end":{"line":105,"column":7}},"type":"if","locations":[{"start":{"line":99,"column":13},"end":{"line":105,"column":7}},{"start":{"line":101,"column":13},"end":{"line":105,"column":7}}],"line":99},"9":{"loc":{"start":{"line":101,"column":13},"end":{"line":105,"column":7}},"type":"if","locations":[{"start":{"line":101,"column":13},"end":{"line":105,"column":7}},{"start":{"line":103,"column":13},"end":{"line":105,"column":7}}],"line":101},"10":{"loc":{"start":{"line":129,"column":22},"end":{"line":129,"column":44}},"type":"binary-expr","locations":[{"start":{"line":129,"column":22},"end":{"line":129,"column":31}},{"start":{"line":129,"column":35},"end":{"line":129,"column":44}}],"line":129},"11":{"loc":{"start":{"line":142,"column":20},"end":{"line":142,"column":44}},"type":"binary-expr","locations":[{"start":{"line":142,"column":20},"end":{"line":142,"column":30}},{"start":{"line":142,"column":34},"end":{"line":142,"column":44}}],"line":142},"12":{"loc":{"start":{"line":154,"column":20},"end":{"line":154,"column":44}},"type":"binary-expr","locations":[{"start":{"line":154,"column":20},"end":{"line":154,"column":30}},{"start":{"line":154,"column":34},"end":{"line":154,"column":44}}],"line":154},"13":{"loc":{"start":{"line":165,"column":20},"end":{"line":165,"column":44}},"type":"binary-expr","locations":[{"start":{"line":165,"column":20},"end":{"line":165,"column":30}},{"start":{"line":165,"column":34},"end":{"line":165,"column":44}}],"line":165},"14":{"loc":{"start":{"line":169,"column":9},"end":{"line":182,"column":9}},"type":"cond-expr","locations":[{"start":{"line":170,"column":10},"end":{"line":172,"column":17}},{"start":{"line":175,"column":10},"end":{"line":181,"column":27}}],"line":169},"15":{"loc":{"start":{"line":190,"column":58},"end":{"line":190,"column":80}},"type":"binary-expr","locations":[{"start":{"line":190,"column":58},"end":{"line":190,"column":67}},{"start":{"line":190,"column":71},"end":{"line":190,"column":80}}],"line":190}},"s":{"0":1,"1":11,"2":11,"3":11,"4":11,"5":11,"6":11,"7":2,"8":11,"9":2,"10":11,"11":2,"12":11,"13":2,"14":2,"15":2,"16":0,"17":0,"18":0,"19":0,"20":2,"21":0,"22":0,"23":0,"24":0,"25":2,"26":0,"27":0,"28":0,"29":0,"30":2,"31":1,"32":1,"33":1,"34":1,"35":1,"36":1,"37":0,"38":0,"39":0,"40":0,"41":0,"42":0,"43":0,"44":0,"45":0,"46":11,"47":0,"48":0,"49":11,"50":0,"51":0,"52":11,"53":1},"f":{"0":11,"1":2,"2":2,"3":2,"4":2,"5":1,"6":1,"7":0,"8":0},"b":{"0":[0,2],"1":[2,0],"2":[0,2],"3":[2,2],"4":[0,2],"5":[1,0],"6":[0,0],"7":[0,0],"8":[0,0],"9":[0,0],"10":[11,9],"11":[11,9],"12":[11,9],"13":[11,9],"14":[2,9],"15":[11,8]},"_coverageSchema":"1a1c01bbd47fc00a2c39e90264f33305004495a9","hash":"6a61b358f25135a4cc281878f6be63142a2ecbce"}
,"/Users/gosongying/orbital2/orbital/src/screen/Authentication/SignupPage2.js": {"path":"/Users/gosongying/orbital2/orbital/src/screen/Authentication/SignupPage2.js","statementMap":{"0":{"start":{"line":13,"column":20},"end":{"line":475,"column":1}},"1":{"start":{"line":15,"column":34},"end":{"line":15,"column":46}},"2":{"start":{"line":16,"column":36},"end":{"line":16,"column":48}},"3":{"start":{"line":17,"column":38},"end":{"line":17,"column":53}},"4":{"start":{"line":18,"column":30},"end":{"line":18,"column":42}},"5":{"start":{"line":19,"column":48},"end":{"line":19,"column":63}},"6":{"start":{"line":20,"column":34},"end":{"line":20,"column":49}},"7":{"start":{"line":21,"column":28},"end":{"line":21,"column":42}},"8":{"start":{"line":22,"column":38},"end":{"line":22,"column":53}},"9":{"start":{"line":24,"column":22},"end":{"line":24,"column":50}},"10":{"start":{"line":26,"column":27},"end":{"line":52,"column":3}},"11":{"start":{"line":27,"column":17},"end":{"line":39,"column":6}},"12":{"start":{"line":28,"column":18},"end":{"line":28,"column":38}},"13":{"start":{"line":29,"column":6},"end":{"line":31,"column":8}},"14":{"start":{"line":30,"column":8},"end":{"line":30,"column":30}},"15":{"start":{"line":32,"column":6},"end":{"line":35,"column":8}},"16":{"start":{"line":33,"column":8},"end":{"line":33,"column":23}},"17":{"start":{"line":34,"column":8},"end":{"line":34,"column":56}},"18":{"start":{"line":36,"column":6},"end":{"line":36,"column":32}},"19":{"start":{"line":37,"column":6},"end":{"line":37,"column":33}},"20":{"start":{"line":38,"column":6},"end":{"line":38,"column":21}},"21":{"start":{"line":41,"column":4},"end":{"line":51,"column":5}},"22":{"start":{"line":43,"column":22},"end":{"line":43,"column":70}},"23":{"start":{"line":44,"column":21},"end":{"line":44,"column":53}},"24":{"start":{"line":46,"column":6},"end":{"line":46,"column":19}},"25":{"start":{"line":47,"column":6},"end":{"line":47,"column":43}},"26":{"start":{"line":49,"column":6},"end":{"line":49,"column":25}},"27":{"start":{"line":50,"column":6},"end":{"line":50,"column":27}},"28":{"start":{"line":54,"column":29},"end":{"line":73,"column":3}},"29":{"start":{"line":56,"column":21},"end":{"line":56,"column":76}},"30":{"start":{"line":57,"column":4},"end":{"line":60,"column":5}},"31":{"start":{"line":58,"column":6},"end":{"line":58,"column":39}},"32":{"start":{"line":59,"column":6},"end":{"line":59,"column":13}},"33":{"start":{"line":62,"column":17},"end":{"line":67,"column":6}},"34":{"start":{"line":70,"column":4},"end":{"line":72,"column":5}},"35":{"start":{"line":71,"column":6},"end":{"line":71,"column":37}},"36":{"start":{"line":75,"column":28},"end":{"line":92,"column":3}},"37":{"start":{"line":76,"column":21},"end":{"line":76,"column":70}},"38":{"start":{"line":77,"column":4},"end":{"line":80,"column":5}},"39":{"start":{"line":78,"column":6},"end":{"line":78,"column":39}},"40":{"start":{"line":79,"column":6},"end":{"line":79,"column":13}},"41":{"start":{"line":82,"column":17},"end":{"line":87,"column":6}},"42":{"start":{"line":89,"column":4},"end":{"line":91,"column":6}},"43":{"start":{"line":90,"column":6},"end":{"line":90,"column":37}},"44":{"start":{"line":94,"column":31},"end":{"line":149,"column":3}},"45":{"start":{"line":96,"column":4},"end":{"line":96,"column":21}},"46":{"start":{"line":98,"column":17},"end":{"line":98,"column":33}},"47":{"start":{"line":101,"column":22},"end":{"line":101,"column":68}},"48":{"start":{"line":103,"column":2},"end":{"line":148,"column":3}},"49":{"start":{"line":104,"column":2},"end":{"line":145,"column":5}},"50":{"start":{"line":105,"column":4},"end":{"line":114,"column":5}},"51":{"start":{"line":106,"column":6},"end":{"line":106,"column":24}},"52":{"start":{"line":107,"column":6},"end":{"line":107,"column":45}},"53":{"start":{"line":108,"column":6},"end":{"line":108,"column":13}},"54":{"start":{"line":110,"column":19},"end":{"line":112,"column":7}},"55":{"start":{"line":113,"column":6},"end":{"line":113,"column":18}},"56":{"start":{"line":116,"column":4},"end":{"line":144,"column":5}},"57":{"start":{"line":118,"column":18},"end":{"line":118,"column":61}},"58":{"start":{"line":119,"column":4},"end":{"line":141,"column":6}},"59":{"start":{"line":140,"column":6},"end":{"line":140,"column":26}},"60":{"start":{"line":142,"column":4},"end":{"line":142,"column":31}},"61":{"start":{"line":147,"column":2},"end":{"line":147,"column":23}},"62":{"start":{"line":151,"column":31},"end":{"line":157,"column":3}},"63":{"start":{"line":152,"column":4},"end":{"line":156,"column":5}},"64":{"start":{"line":153,"column":6},"end":{"line":153,"column":82}},"65":{"start":{"line":153,"column":50},"end":{"line":153,"column":79}},"66":{"start":{"line":155,"column":6},"end":{"line":155,"column":53}},"67":{"start":{"line":159,"column":38},"end":{"line":186,"column":3}},"68":{"start":{"line":160,"column":4},"end":{"line":164,"column":5}},"69":{"start":{"line":161,"column":6},"end":{"line":161,"column":48}},"70":{"start":{"line":162,"column":6},"end":{"line":162,"column":32}},"71":{"start":{"line":163,"column":6},"end":{"line":163,"column":13}},"72":{"start":{"line":165,"column":4},"end":{"line":169,"column":5}},"73":{"start":{"line":166,"column":6},"end":{"line":166,"column":46}},"74":{"start":{"line":167,"column":6},"end":{"line":167,"column":32}},"75":{"start":{"line":168,"column":6},"end":{"line":168,"column":13}},"76":{"start":{"line":171,"column":4},"end":{"line":176,"column":5}},"77":{"start":{"line":172,"column":6},"end":{"line":172,"column":59}},"78":{"start":{"line":173,"column":6},"end":{"line":173,"column":22}},"79":{"start":{"line":174,"column":6},"end":{"line":174,"column":32}},"80":{"start":{"line":175,"column":6},"end":{"line":175,"column":13}},"81":{"start":{"line":178,"column":4},"end":{"line":183,"column":5}},"82":{"start":{"line":179,"column":6},"end":{"line":179,"column":64}},"83":{"start":{"line":180,"column":6},"end":{"line":180,"column":22}},"84":{"start":{"line":181,"column":6},"end":{"line":181,"column":32}},"85":{"start":{"line":182,"column":6},"end":{"line":182,"column":13}},"86":{"start":{"line":185,"column":4},"end":{"line":185,"column":50}},"87":{"start":{"line":185,"column":38},"end":{"line":185,"column":48}},"88":{"start":{"line":188,"column":29},"end":{"line":190,"column":3}},"89":{"start":{"line":189,"column":4},"end":{"line":189,"column":32}},"90":{"start":{"line":192,"column":31},"end":{"line":195,"column":3}},"91":{"start":{"line":193,"column":4},"end":{"line":193,"column":22}},"92":{"start":{"line":194,"column":4},"end":{"line":194,"column":30}},"93":{"start":{"line":197,"column":33},"end":{"line":199,"column":3}},"94":{"start":{"line":198,"column":4},"end":{"line":198,"column":31}},"95":{"start":{"line":201,"column":27},"end":{"line":207,"column":3}},"96":{"start":{"line":202,"column":4},"end":{"line":206,"column":5}},"97":{"start":{"line":203,"column":6},"end":{"line":203,"column":20}},"98":{"start":{"line":205,"column":6},"end":{"line":205,"column":24}},"99":{"start":{"line":209,"column":29},"end":{"line":215,"column":3}},"100":{"start":{"line":210,"column":4},"end":{"line":214,"column":5}},"101":{"start":{"line":211,"column":6},"end":{"line":211,"column":20}},"102":{"start":{"line":213,"column":6},"end":{"line":213,"column":26}},"103":{"start":{"line":217,"column":16},"end":{"line":224,"column":3}},"104":{"start":{"line":218,"column":4},"end":{"line":218,"column":20}},"105":{"start":{"line":219,"column":4},"end":{"line":219,"column":21}},"106":{"start":{"line":220,"column":4},"end":{"line":220,"column":25}},"107":{"start":{"line":221,"column":4},"end":{"line":221,"column":18}},"108":{"start":{"line":222,"column":4},"end":{"line":222,"column":30}},"109":{"start":{"line":223,"column":4},"end":{"line":223,"column":19}},"110":{"start":{"line":226,"column":29},"end":{"line":234,"column":3}},"111":{"start":{"line":227,"column":4},"end":{"line":233,"column":23}},"112":{"start":{"line":229,"column":21},"end":{"line":229,"column":47}},"113":{"start":{"line":236,"column":25},"end":{"line":236,"column":151}},"114":{"start":{"line":238,"column":21},"end":{"line":238,"column":113}},"115":{"start":{"line":240,"column":31},"end":{"line":242,"column":74}},"116":{"start":{"line":244,"column":32},"end":{"line":245,"column":68}},"117":{"start":{"line":247,"column":31},"end":{"line":248,"column":95}},"118":{"start":{"line":250,"column":22},"end":{"line":250,"column":113}},"119":{"start":{"line":252,"column":15},"end":{"line":266,"column":3}},"120":{"start":{"line":268,"column":2},"end":{"line":474,"column":4}},"121":{"start":{"line":369,"column":42},"end":{"line":369,"column":46}},"122":{"start":{"line":419,"column":49},"end":{"line":419,"column":68}},"123":{"start":{"line":464,"column":18},"end":{"line":464,"column":39}},"124":{"start":{"line":477,"column":15},"end":{"line":696,"column":2}}},"fnMap":{"0":{"name":"(anonymous_0)","decl":{"start":{"line":13,"column":20},"end":{"line":13,"column":21}},"loc":{"start":{"line":13,"column":39},"end":{"line":475,"column":1}},"line":13},"1":{"name":"(anonymous_1)","decl":{"start":{"line":26,"column":27},"end":{"line":26,"column":28}},"loc":{"start":{"line":26,"column":42},"end":{"line":52,"column":3}},"line":26},"2":{"name":"(anonymous_2)","decl":{"start":{"line":27,"column":35},"end":{"line":27,"column":36}},"loc":{"start":{"line":27,"column":56},"end":{"line":39,"column":5}},"line":27},"3":{"name":"(anonymous_3)","decl":{"start":{"line":29,"column":19},"end":{"line":29,"column":20}},"loc":{"start":{"line":29,"column":31},"end":{"line":31,"column":7}},"line":29},"4":{"name":"(anonymous_4)","decl":{"start":{"line":32,"column":20},"end":{"line":32,"column":21}},"loc":{"start":{"line":32,"column":33},"end":{"line":35,"column":7}},"line":32},"5":{"name":"(anonymous_5)","decl":{"start":{"line":54,"column":29},"end":{"line":54,"column":30}},"loc":{"start":{"line":54,"column":41},"end":{"line":73,"column":3}},"line":54},"6":{"name":"(anonymous_6)","decl":{"start":{"line":75,"column":28},"end":{"line":75,"column":29}},"loc":{"start":{"line":75,"column":40},"end":{"line":92,"column":3}},"line":75},"7":{"name":"(anonymous_7)","decl":{"start":{"line":94,"column":31},"end":{"line":94,"column":32}},"loc":{"start":{"line":94,"column":43},"end":{"line":149,"column":3}},"line":94},"8":{"name":"(anonymous_8)","decl":{"start":{"line":104,"column":30},"end":{"line":104,"column":31}},"loc":{"start":{"line":104,"column":40},"end":{"line":115,"column":3}},"line":104},"9":{"name":"(anonymous_9)","decl":{"start":{"line":115,"column":10},"end":{"line":115,"column":11}},"loc":{"start":{"line":115,"column":28},"end":{"line":145,"column":3}},"line":115},"10":{"name":"(anonymous_10)","decl":{"start":{"line":139,"column":11},"end":{"line":139,"column":12}},"loc":{"start":{"line":139,"column":20},"end":{"line":141,"column":5}},"line":139},"11":{"name":"(anonymous_11)","decl":{"start":{"line":151,"column":31},"end":{"line":151,"column":32}},"loc":{"start":{"line":151,"column":53},"end":{"line":157,"column":3}},"line":151},"12":{"name":"(anonymous_12)","decl":{"start":{"line":153,"column":36},"end":{"line":153,"column":37}},"loc":{"start":{"line":153,"column":50},"end":{"line":153,"column":79}},"line":153},"13":{"name":"(anonymous_13)","decl":{"start":{"line":159,"column":38},"end":{"line":159,"column":39}},"loc":{"start":{"line":159,"column":44},"end":{"line":186,"column":3}},"line":159},"14":{"name":"(anonymous_14)","decl":{"start":{"line":185,"column":23},"end":{"line":185,"column":24}},"loc":{"start":{"line":185,"column":38},"end":{"line":185,"column":48}},"line":185},"15":{"name":"(anonymous_15)","decl":{"start":{"line":188,"column":29},"end":{"line":188,"column":30}},"loc":{"start":{"line":188,"column":35},"end":{"line":190,"column":3}},"line":188},"16":{"name":"(anonymous_16)","decl":{"start":{"line":192,"column":31},"end":{"line":192,"column":32}},"loc":{"start":{"line":192,"column":41},"end":{"line":195,"column":3}},"line":192},"17":{"name":"(anonymous_17)","decl":{"start":{"line":197,"column":33},"end":{"line":197,"column":34}},"loc":{"start":{"line":197,"column":39},"end":{"line":199,"column":3}},"line":197},"18":{"name":"(anonymous_18)","decl":{"start":{"line":201,"column":27},"end":{"line":201,"column":28}},"loc":{"start":{"line":201,"column":33},"end":{"line":207,"column":3}},"line":201},"19":{"name":"(anonymous_19)","decl":{"start":{"line":209,"column":29},"end":{"line":209,"column":30}},"loc":{"start":{"line":209,"column":35},"end":{"line":215,"column":3}},"line":209},"20":{"name":"(anonymous_20)","decl":{"start":{"line":217,"column":16},"end":{"line":217,"column":17}},"loc":{"start":{"line":217,"column":22},"end":{"line":224,"column":3}},"line":217},"21":{"name":"(anonymous_21)","decl":{"start":{"line":226,"column":29},"end":{"line":226,"column":30}},"loc":{"start":{"line":227,"column":4},"end":{"line":233,"column":23}},"line":227},"22":{"name":"(anonymous_22)","decl":{"start":{"line":229,"column":15},"end":{"line":229,"column":16}},"loc":{"start":{"line":229,"column":21},"end":{"line":229,"column":47}},"line":229},"23":{"name":"(anonymous_23)","decl":{"start":{"line":369,"column":32},"end":{"line":369,"column":33}},"loc":{"start":{"line":369,"column":42},"end":{"line":369,"column":46}},"line":369},"24":{"name":"(anonymous_24)","decl":{"start":{"line":419,"column":43},"end":{"line":419,"column":44}},"loc":{"start":{"line":419,"column":49},"end":{"line":419,"column":68}},"line":419},"25":{"name":"(anonymous_25)","decl":{"start":{"line":463,"column":25},"end":{"line":463,"column":26}},"loc":{"start":{"line":463,"column":31},"end":{"line":465,"column":17}},"line":463}},"branchMap":{"0":{"loc":{"start":{"line":24,"column":22},"end":{"line":24,"column":50}},"type":"cond-expr","locations":[{"start":{"line":24,"column":28},"end":{"line":24,"column":44}},{"start":{"line":24,"column":46},"end":{"line":24,"column":50}}],"line":24},"1":{"loc":{"start":{"line":57,"column":4},"end":{"line":60,"column":5}},"type":"if","locations":[{"start":{"line":57,"column":4},"end":{"line":60,"column":5}},{"start":{},"end":{}}],"line":57},"2":{"loc":{"start":{"line":70,"column":4},"end":{"line":72,"column":5}},"type":"if","locations":[{"start":{"line":70,"column":4},"end":{"line":72,"column":5}},{"start":{},"end":{}}],"line":70},"3":{"loc":{"start":{"line":77,"column":4},"end":{"line":80,"column":5}},"type":"if","locations":[{"start":{"line":77,"column":4},"end":{"line":80,"column":5}},{"start":{},"end":{}}],"line":77},"4":{"loc":{"start":{"line":89,"column":4},"end":{"line":91,"column":6}},"type":"if","locations":[{"start":{"line":89,"column":4},"end":{"line":91,"column":6}},{"start":{},"end":{}}],"line":89},"5":{"loc":{"start":{"line":105,"column":4},"end":{"line":114,"column":5}},"type":"if","locations":[{"start":{"line":105,"column":4},"end":{"line":114,"column":5}},{"start":{"line":109,"column":11},"end":{"line":114,"column":5}}],"line":105},"6":{"loc":{"start":{"line":116,"column":4},"end":{"line":144,"column":5}},"type":"if","locations":[{"start":{"line":116,"column":4},"end":{"line":144,"column":5}},{"start":{},"end":{}}],"line":116},"7":{"loc":{"start":{"line":118,"column":18},"end":{"line":118,"column":61}},"type":"cond-expr","locations":[{"start":{"line":118,"column":25},"end":{"line":118,"column":54}},{"start":{"line":118,"column":57},"end":{"line":118,"column":61}}],"line":118},"8":{"loc":{"start":{"line":152,"column":4},"end":{"line":156,"column":5}},"type":"if","locations":[{"start":{"line":152,"column":4},"end":{"line":156,"column":5}},{"start":{"line":154,"column":11},"end":{"line":156,"column":5}}],"line":152},"9":{"loc":{"start":{"line":160,"column":4},"end":{"line":164,"column":5}},"type":"if","locations":[{"start":{"line":160,"column":4},"end":{"line":164,"column":5}},{"start":{},"end":{}}],"line":160},"10":{"loc":{"start":{"line":165,"column":4},"end":{"line":169,"column":5}},"type":"if","locations":[{"start":{"line":165,"column":4},"end":{"line":169,"column":5}},{"start":{},"end":{}}],"line":165},"11":{"loc":{"start":{"line":171,"column":4},"end":{"line":176,"column":5}},"type":"if","locations":[{"start":{"line":171,"column":4},"end":{"line":176,"column":5}},{"start":{},"end":{}}],"line":171},"12":{"loc":{"start":{"line":178,"column":4},"end":{"line":183,"column":5}},"type":"if","locations":[{"start":{"line":178,"column":4},"end":{"line":183,"column":5}},{"start":{},"end":{}}],"line":178},"13":{"loc":{"start":{"line":202,"column":4},"end":{"line":206,"column":5}},"type":"if","locations":[{"start":{"line":202,"column":4},"end":{"line":206,"column":5}},{"start":{"line":204,"column":11},"end":{"line":206,"column":5}}],"line":202},"14":{"loc":{"start":{"line":210,"column":4},"end":{"line":214,"column":5}},"type":"if","locations":[{"start":{"line":210,"column":4},"end":{"line":214,"column":5}},{"start":{"line":212,"column":11},"end":{"line":214,"column":5}}],"line":210},"15":{"loc":{"start":{"line":228,"column":35},"end":{"line":228,"column":90}},"type":"binary-expr","locations":[{"start":{"line":228,"column":35},"end":{"line":228,"column":59}},{"start":{"line":228,"column":63},"end":{"line":228,"column":90}}],"line":228},"16":{"loc":{"start":{"line":289,"column":18},"end":{"line":293,"column":21}},"type":"cond-expr","locations":[{"start":{"line":290,"column":20},"end":{"line":290,"column":74}},{"start":{"line":292,"column":20},"end":{"line":292,"column":105}}],"line":289},"17":{"loc":{"start":{"line":333,"column":45},"end":{"line":333,"column":91}},"type":"binary-expr","locations":[{"start":{"line":333,"column":45},"end":{"line":333,"column":62}},{"start":{"line":333,"column":66},"end":{"line":333,"column":91}}],"line":333},"18":{"loc":{"start":{"line":341,"column":45},"end":{"line":341,"column":95}},"type":"binary-expr","locations":[{"start":{"line":341,"column":45},"end":{"line":341,"column":64}},{"start":{"line":341,"column":68},"end":{"line":341,"column":95}}],"line":341},"19":{"loc":{"start":{"line":392,"column":17},"end":{"line":398,"column":21}},"type":"cond-expr","locations":[{"start":{"line":393,"column":18},"end":{"line":395,"column":25}},{"start":{"line":397,"column":18},"end":{"line":397,"column":50}}],"line":392},"20":{"loc":{"start":{"line":410,"column":19},"end":{"line":416,"column":21}},"type":"cond-expr","locations":[{"start":{"line":411,"column":18},"end":{"line":413,"column":25}},{"start":{"line":415,"column":18},"end":{"line":415,"column":50}}],"line":410},"21":{"loc":{"start":{"line":426,"column":41},"end":{"line":426,"column":127}},"type":"binary-expr","locations":[{"start":{"line":426,"column":42},"end":{"line":426,"column":58}},{"start":{"line":426,"column":62},"end":{"line":426,"column":73}},{"start":{"line":426,"column":77},"end":{"line":426,"column":84}},{"start":{"line":426,"column":88},"end":{"line":426,"column":97}},{"start":{"line":426,"column":102},"end":{"line":426,"column":127}}],"line":426},"22":{"loc":{"start":{"line":428,"column":24},"end":{"line":428,"column":92}},"type":"binary-expr","locations":[{"start":{"line":428,"column":24},"end":{"line":428,"column":35}},{"start":{"line":428,"column":39},"end":{"line":428,"column":55}},{"start":{"line":428,"column":59},"end":{"line":428,"column":68}},{"start":{"line":428,"column":72},"end":{"line":428,"column":79}},{"start":{"line":428,"column":83},"end":{"line":428,"column":92}}],"line":428}},"s":{"0":1,"1":28,"2":28,"3":28,"4":28,"5":28,"6":28,"7":28,"8":28,"9":28,"10":28,"11":0,"12":0,"13":0,"14":0,"15":0,"16":0,"17":0,"18":0,"19":0,"20":0,"21":0,"22":0,"23":0,"24":0,"25":0,"26":0,"27":0,"28":28,"29":2,"30":2,"31":1,"32":1,"33":1,"34":1,"35":1,"36":28,"37":2,"38":2,"39":1,"40":1,"41":1,"42":1,"43":1,"44":28,"45":2,"46":2,"47":2,"48":2,"49":2,"50":0,"51":0,"52":0,"53":0,"54":0,"55":0,"56":2,"57":2,"58":2,"59":1,"60":2,"61":0,"62":28,"63":0,"64":0,"65":0,"66":0,"67":28,"68":6,"69":1,"70":1,"71":1,"72":5,"73":1,"74":1,"75":1,"76":4,"77":1,"78":1,"79":1,"80":1,"81":3,"82":1,"83":1,"84":1,"85":1,"86":2,"87":2,"88":28,"89":0,"90":28,"91":6,"92":6,"93":28,"94":2,"95":28,"96":2,"97":0,"98":2,"99":28,"100":0,"101":0,"102":0,"103":28,"104":0,"105":0,"106":0,"107":0,"108":0,"109":0,"110":28,"111":351,"112":0,"113":28,"114":28,"115":28,"116":28,"117":28,"118":28,"119":28,"120":28,"121":351,"122":0,"123":0,"124":1},"f":{"0":28,"1":0,"2":0,"3":0,"4":0,"5":2,"6":2,"7":2,"8":0,"9":2,"10":1,"11":0,"12":0,"13":6,"14":2,"15":0,"16":6,"17":2,"18":2,"19":0,"20":0,"21":351,"22":0,"23":351,"24":0,"25":0},"b":{"0":[0,28],"1":[1,1],"2":[1,0],"3":[1,1],"4":[1,0],"5":[0,0],"6":[2,0],"7":[0,2],"8":[0,0],"9":[1,5],"10":[1,4],"11":[1,3],"12":[1,2],"13":[0,2],"14":[0,0],"15":[351,0],"16":[2,26],"17":[28,8],"18":[28,0],"19":[6,22],"20":[4,24],"21":[28,6,4,4,24],"22":[28,4,4,2,2]},"_coverageSchema":"1a1c01bbd47fc00a2c39e90264f33305004495a9","hash":"b226987c1313804898f465a80a0f1c0ba3f2057e"}
,"/Users/gosongying/orbital2/orbital/src/screen/Home/Tabs/Settings/FriendListSetting.js": {"path":"/Users/gosongying/orbital2/orbital/src/screen/Home/Tabs/Settings/FriendListSetting.js","statementMap":{"0":{"start":{"line":10,"column":26},"end":{"line":413,"column":1}},"1":{"start":{"line":11,"column":24},"end":{"line":11,"column":41}},"2":{"start":{"line":13,"column":36},"end":{"line":13,"column":48}},"3":{"start":{"line":14,"column":48},"end":{"line":14,"column":63}},"4":{"start":{"line":16,"column":52},"end":{"line":16,"column":67}},"5":{"start":{"line":17,"column":46},"end":{"line":17,"column":58}},"6":{"start":{"line":18,"column":64},"end":{"line":18,"column":78}},"7":{"start":{"line":19,"column":67},"end":{"line":19,"column":79}},"8":{"start":{"line":20,"column":48},"end":{"line":20,"column":60}},"9":{"start":{"line":21,"column":44},"end":{"line":21,"column":56}},"10":{"start":{"line":23,"column":48},"end":{"line":23,"column":62}},"11":{"start":{"line":25,"column":4},"end":{"line":70,"column":7}},"12":{"start":{"line":28,"column":28},"end":{"line":66,"column":2}},"13":{"start":{"line":29,"column":22},"end":{"line":29,"column":24}},"14":{"start":{"line":30,"column":27},"end":{"line":30,"column":85}},"15":{"start":{"line":31,"column":8},"end":{"line":63,"column":5}},"16":{"start":{"line":32,"column":12},"end":{"line":32,"column":40}},"17":{"start":{"line":34,"column":12},"end":{"line":45,"column":16}},"18":{"start":{"line":35,"column":32},"end":{"line":35,"column":61}},"19":{"start":{"line":36,"column":16},"end":{"line":43,"column":19}},"20":{"start":{"line":38,"column":20},"end":{"line":38,"column":45}},"21":{"start":{"line":41,"column":20},"end":{"line":41,"column":39}},"22":{"start":{"line":42,"column":20},"end":{"line":42,"column":41}},"23":{"start":{"line":44,"column":16},"end":{"line":44,"column":23}},"24":{"start":{"line":46,"column":12},"end":{"line":46,"column":39}},"25":{"start":{"line":47,"column":12},"end":{"line":61,"column":10}},"26":{"start":{"line":49,"column":32},"end":{"line":60,"column":14}},"27":{"start":{"line":50,"column":29},"end":{"line":50,"column":43}},"28":{"start":{"line":51,"column":16},"end":{"line":59,"column":17}},"29":{"start":{"line":52,"column":31},"end":{"line":52,"column":39}},"30":{"start":{"line":54,"column":42},"end":{"line":54,"column":94}},"31":{"start":{"line":54,"column":64},"end":{"line":54,"column":93}},"32":{"start":{"line":55,"column":20},"end":{"line":55,"column":53}},"33":{"start":{"line":56,"column":20},"end":{"line":58,"column":21}},"34":{"start":{"line":57,"column":24},"end":{"line":57,"column":38}},"35":{"start":{"line":62,"column":8},"end":{"line":62,"column":15}},"36":{"start":{"line":64,"column":4},"end":{"line":64,"column":24}},"37":{"start":{"line":65,"column":4},"end":{"line":65,"column":31}},"38":{"start":{"line":67,"column":4},"end":{"line":69,"column":5}},"39":{"start":{"line":68,"column":4},"end":{"line":68,"column":18}},"40":{"start":{"line":72,"column":22},"end":{"line":79,"column":5}},"41":{"start":{"line":73,"column":22},"end":{"line":73,"column":51}},"42":{"start":{"line":74,"column":29},"end":{"line":74,"column":131}},"43":{"start":{"line":75,"column":27},"end":{"line":75,"column":123}},"44":{"start":{"line":76,"column":8},"end":{"line":76,"column":34}},"45":{"start":{"line":77,"column":8},"end":{"line":77,"column":111}},"46":{"start":{"line":78,"column":8},"end":{"line":78,"column":45}},"47":{"start":{"line":81,"column":29},"end":{"line":122,"column":5}},"48":{"start":{"line":82,"column":8},"end":{"line":121,"column":9}},"49":{"start":{"line":83,"column":12},"end":{"line":120,"column":14}},"50":{"start":{"line":87,"column":35},"end":{"line":87,"column":50}},"51":{"start":{"line":114,"column":43},"end":{"line":114,"column":66}},"52":{"start":{"l
[...]
4},"end":{"line":74,"column":31}},"35":{"start":{"line":77,"column":18},"end":{"line":84,"column":3}},"36":{"start":{"line":78,"column":4},"end":{"line":83,"column":5}},"37":{"start":{"line":79,"column":6},"end":{"line":79,"column":25}},"38":{"start":{"line":80,"column":6},"end":{"line":80,"column":157}},"39":{"start":{"line":82,"column":6},"end":{"line":82,"column":25}},"40":{"start":{"line":86,"column":21},"end":{"line":92,"column":3}},"41":{"start":{"line":87,"column":4},"end":{"line":91,"column":7}},"42":{"start":{"line":88,"column":27},"end":{"line":88,"column":41}},"43":{"start":{"line":89,"column":6},"end":{"line":89,"column":65}},"44":{"start":{"line":90,"column":6},"end":{"line":90,"column":26}},"45":{"start":{"line":94,"column":28},"end":{"line":99,"column":3}},"46":{"start":{"line":95,"column":4},"end":{"line":95,"column":25}},"47":{"start":{"line":96,"column":4},"end":{"line":98,"column":13}},"48":{"start":{"line":97,"column":8},"end":{"line":97,"column":29}},"49":{"start":{"line":101,"column":21},"end":{"line":107,"column":3}},"50":{"start":{"line":102,"column":4},"end":{"line":106,"column":7}},"51":{"start":{"line":103,"column":27},"end":{"line":103,"column":41}},"52":{"start":{"line":104,"column":6},"end":{"line":104,"column":36}},"53":{"start":{"line":105,"column":6},"end":{"line":105,"column":26}},"54":{"start":{"line":109,"column":24},"end":{"line":116,"column":3}},"55":{"start":{"line":110,"column":24},"end":{"line":110,"column":183}},"56":{"start":{"line":111,"column":4},"end":{"line":111,"column":99}},"57":{"start":{"line":111,"column":28},"end":{"line":111,"column":97}},"58":{"start":{"line":112,"column":4},"end":{"line":112,"column":19}},"59":{"start":{"line":113,"column":4},"end":{"line":113,"column":20}},"60":{"start":{"line":114,"column":4},"end":{"line":114,"column":24}},"61":{"start":{"line":115,"column":4},"end":{"line":115,"column":23}},"62":{"start":{"line":118,"column":23},"end":{"line":124,"column":3}},"63":{"start":{"line":119,"column":24},"end":{"line":119,"column":183}},"64":{"start":{"line":120,"column":4},"end":{"line":120,"column":19}},"65":{"start":{"line":121,"column":4},"end":{"line":121,"column":20}},"66":{"start":{"line":122,"column":4},"end":{"line":122,"column":24}},"67":{"start":{"line":123,"column":4},"end":{"line":123,"column":23}},"68":{"start":{"line":126,"column":22},"end":{"line":126,"column":60}},"69":{"start":{"line":128,"column":19},"end":{"line":128,"column":44}},"70":{"start":{"line":128,"column":25},"end":{"line":128,"column":44}},"71":{"start":{"line":129,"column":23},"end":{"line":132,"column":3}},"72":{"start":{"line":130,"column":4},"end":{"line":130,"column":23}},"73":{"start":{"line":133,"column":24},"end":{"line":136,"column":3}},"74":{"start":{"line":134,"column":4},"end":{"line":134,"column":17}},"75":{"start":{"line":135,"column":4},"end":{"line":135,"column":24}},"76":{"start":{"line":137,"column":23},"end":{"line":139,"column":3}},"77":{"start":{"line":138,"column":4},"end":{"line":138,"column":24}},"78":{"start":{"line":141,"column":2},"end":{"line":254,"column":4}},"79":{"start":{"line":162,"column":14},"end":{"line":177,"column":33}},"80":{"start":{"line":165,"column":35},"end":{"line":165,"column":52}},"81":{"start":{"line":168,"column":73},"end":{"line":168,"column":90}},"82":{"start":{"line":179,"column":43},"end":{"line":179,"column":59}},"83":{"start":{"line":201,"column":32},"end":{"line":201,"column":51}},"84":{"start":{"line":216,"column":34},"end":{"line":216,"column":58}},"85":{"start":{"line":257,"column":15},"end":{"line":458,"column":2}}},"fnMap":{"0":{"name":"(anonymous_0)","decl":{"start":{"line":17,"column":14},"end":{"line":17,"column":15}},"loc":{"start":{"line":17,"column":34},"end":{"line":255,"column":1}},"line":17},"1":{"name":"(anonymous_1)","decl":{"start":{"line":27,"column":12},"end":{"line":27,"column":13}},"loc":{"start":{"line":27,"column":18},"end":{"line":35,"column":3}},"line":27},"2":{"name":"(anonymous_2)","decl":{"start":{"line":28,"column":33},"end":{"line":28,"column":34}},"loc":{"start":{"line":28,"column":39},"end":{"line":30,"column":5}},"line":28},"3":{"name":"(anonymous_3)","decl":{"start":{"line":32,"column":11},"end":{"line":32,"column":12}},"loc":{"start":{"line":32,"column":17},"end":{"line":34,"column":5}},"line":32},"4":{"name":"(anonymous_4)","decl":{"start":{"line":37,"column":12},"end":{"line":37,"column":13}},"loc":{"start":{"line":37,"column":18},"end":{"line":50,"column":3}},"line":37},"5":{"name":"(anonymous_5)","decl":{"start":{"line":38,"column":22},"end":{"line":38,"column":23}},"loc":{"start":{"line":38,"column":34},"end":{"line":47,"column":5}},"line":38},"6":{"name":"(anonymous_6)","decl":{"start":{"line":52,"column":12},"end":{"line":52,"column":13}},"loc":{"start":{"line":52,"column":18},"end":{"line":62,"column":3}},"line":52},"7":{"name":"(anonymous_7)","decl":{"start":{"line":53,"column":22},"end":{"line":53,"column":23}},"loc":{"start":{"line":53,"column":34},"end":{"line":59,"column":5}},"line":53},"8":{"name":"(anonymous_8)","decl":{"start":{"line":65,"column":25},"end":{"line":65,"column":26}},"loc":{"start":{"line":65,"column":31},"end":{"line":67,"column":3}},"line":65},"9":{"name":"(anonymous_9)","decl":{"start":{"line":69,"column":28},"end":{"line":69,"column":29}},"loc":{"start":{"line":69,"column":38},"end":{"line":75,"column":3}},"line":69},"10":{"name":"(anonymous_10)","decl":{"start":{"line":77,"column":18},"end":{"line":77,"column":19}},"loc":{"start":{"line":77,"column":24},"end":{"line":84,"column":3}},"line":77},"11":{"name":"(anonymous_11)","decl":{"start":{"line":86,"column":21},"end":{"line":86,"column":22}},"loc":{"start":{"line":86,"column":32},"end":{"line":92,"column":3}},"line":86},"12":{"name":"(anonymous_12)","decl":{"start":{"line":87,"column":13},"end":{"line":87,"column":14}},"loc":{"start":{"line":87,"column":28},"end":{"line":91,"column":5}},"line":87},"13":{"name":"(anonymous_13)","decl":{"start":{"line":94,"column":28},"end":{"line":94,"column":29}},"loc":{"start":{"line":94,"column":34},"end":{"line":99,"column":3}},"line":94},"14":{"name":"(anonymous_14)","decl":{"start":{"line":96,"column":15},"end":{"line":96,"column":16}},"loc":{"start":{"line":96,"column":21},"end":{"line":98,"column":5}},"line":96},"15":{"name":"(anonymous_15)","decl":{"start":{"line":101,"column":21},"end":{"line":101,"column":22}},"loc":{"start":{"line":101,"column":32},"end":{"line":107,"column":3}},"line":101},"16":{"name":"(anonymous_16)","decl":{"start":{"line":102,"column":13},"end":{"line":102,"column":14}},"loc":{"start":{"line":102,"column":28},"end":{"line":106,"column":5}},"line":102},"17":{"name":"(anonymous_17)","decl":{"start":{"line":109,"column":24},"end":{"line":109,"column":25}},"loc":{"start":{"line":109,"column":30},"end":{"line":116,"column":3}},"line":109},"18":{"name":"(anonymous_18)","decl":{"start":{"line":111,"column":13},"end":{"line":111,"column":14}},"loc":{"start":{"line":111,"column":28},"end":{"line":111,"column":97}},"line":111},"19":{"name":"(anonymous_19)","decl":{"start":{"line":118,"column":23},"end":{"line":118,"column":24}},"loc":{"start":{"line":118,"column":29},"end":{"line":124,"column":3}},"line":118},"20":{"name":"(anonymous_20)","decl":{"start":{"line":128,"column":19},"end":{"line":128,"column":20}},"loc":{"start":{"line":128,"column":25},"end":{"line":128,"column":44}},"line":128},"21":{"name":"(anonymous_21)","decl":{"start":{"line":129,"column":23},"end":{"line":129,"column":24}},"loc":{"start":{"line":129,"column":29},"end":{"line":132,"column":3}},"line":129},"22":{"name":"(anonymous_22)","decl":{"start":{"line":133,"column":24},"end":{"line":133,"column":25}},"loc":{"start":{"line":133,"column":30},"end":{"line":136,"column":3}},"line":133},"23":{"name":"(anonymous_23)","decl":{"start":{"line":137,"column":23},"end":{"line":137,"column":24}},"loc":{"start":{"line":137,"column":29},"end":{"line":139,"column":3}},"line":137},"24":{"name":"(anonymous_24)","decl":{"start":{"line":161,"column":24},"end":{"line":161,"column":25}},"loc":{"start":{"line":162,"column":14},"end":{"line":177,"column":33}},"line":162},"25":{"name":"(anonymous_25)","decl":{"start":{"line":165,"column":29},"end":{"line":165,"column":30}},"loc":{"start":{"line":165,"column":35},"end":{"line":165,"column":52}},"line":165},"26":{"name":"(anonymous_26)","decl":{"start":{"line":168,"column":67},"end":{"line":168,"column":68}},"loc":{"start":{"line":168,"column":73},"end":{"line":168,"column":90}},"line":168},"27":{"name":"(anonymous_27)","decl":{"start":{"line":179,"column":26},"end":{"line":179,"column":27}},"loc":{"start":{"line":179,"column":43},"end":{"line":179,"column":59}},"line":179},"28":{"name":"(anonymous_28)","decl":{"start":{"line":201,"column":26},"end":{"line":201,"column":27}},"loc":{"start":{"line":201,"column":32},"end":{"line":201,"column":51}},"line":201},"29":{"name":"(anonymous_29)","decl":{"start":{"line":216,"column":28},"end":{"line":216,"column":29}},"loc":{"start":{"line":216,"column":34},"end":{"line":216,"column":58}},"line":216}},"branchMap":{"0":{"loc":{"start":{"line":41,"column":8},"end":{"line":43,"column":9}},"type":"if","locations":[{"start":{"line":41,"column":8},"end":{"line":43,"column":9}},{"start":{},"end":{}}],"line":41},"1":{"loc":{"start":{"line":78,"column":4},"end":{"line":83,"column":5}},"type":"if","locations":[{"start":{"line":78,"column":4},"end":{"line":83,"column":5}},{"start":{},"end":{}}],"line":78},"2":{"loc":{"start":{"line":110,"column":24},"end":{"line":110,"column":183}},"type":"cond-expr","locations":[{"start":{"line":110,"column":35},"end":{"line":110,"column":43}},{"start":{"line":110,"column":46},"end":{"line":110,"column":183}}],"line":110},"3":{"loc":{"start":{"line":119,"column":24},"end":{"line":119,"column":183}},"type":"cond-expr","locations":[{"start":{"line":119,"column":35},"end":{"line":119,"column":43}},{"start":{"line":119,"column":46},"end":{"line":119,"column":183}}],"line":119},"4":{"loc":{"start":{"line":153,"column":7},"end":{"line":157,"column":7}},"type":"binary-expr","locations":[{"start":{"line":153,"column":7},"end":{"line":153,"column":18}},{"start":{"line":154,"column":8},"end":{"line":156,"column":15}}],"line":153},"5":{"loc":{"start":{"line":169,"column":19},"end":{"line":169,"column":83}},"type":"binary-expr","locations":[{"start":{"line":169,"column":19},"end":{"line":169,"column":31}},{"start":{"line":169,"column":35},"end":{"line":169,"column":83}}],"line":169},"6":{"loc":{"start":{"line":172,"column":49},"end":{"line":172,"column":83}},"type":"binary-expr","locations":[{"start":{"line":172,"column":49},"end":{"line":172,"column":61}},{"start":{"line":172,"column":65},"end":{"line":172,"column":83}}],"line":172},"7":{"loc":{"start":{"line":209,"column":22},"end":{"line":209,"column":181}},"type":"cond-expr","locations":[{"start":{"line":209,"column":33},"end":{"line":209,"column":41}},{"start":{"line":209,"column":44},"end":{"line":209,"column":181}}],"line":209}},"s":{"0":1,"1":19,"2":19,"3":19,"4":19,"5":19,"6":19,"7":19,"8":19,"9":19,"10":3,"11":0,"12":3,"13":3,"14":19,"15":3,"16":3,"17":3,"18":3,"19":0,"20":0,"21":3,"22":19,"23":10,"24":10,"25":10,"26":0,"27":10,"28":19,"29":0,"30":19,"31":0,"32":0,"33":0,"34":0,"35":19,"36":4,"37":4,"38":4,"39":4,"40":19,"41":1,"42":1,"43":1,"44":1,"45":19,"46":0,"47":0,"48":0,"49":19,"50":1,"51":1,"52":1,"53":1,"54":19,"55":4,"56":4,"57":4,"58":4,"59":4,"60":4,"61":4,"62":19,"63":0,"64":0,"65":0,"66":0,"67":0,"68":19,"69":19,"70":0,"71":19,"72":1,"73":19,"74":1,"75":1,"76":19,"77":0,"78":19,"79":10,"80":1,"81":1,"82":10,"83":0,"84":0,"85":1},"f":{"0":19,"1":3,"2":0,"3":3,"4":3,"5":3,"6":10,"7":10,"8":0,"9":0,"10":4,"11":1,"12":1,"13":0,"14":0,"15":1,"16":1,"17":4,"18":4,"19":0,"20":0,"21":1,"22":1,"23":0,"24":10,"25":1,"26":1,"27":10,"28":0,"29":0},"b":{"0":[0,3],"1":[4,0],"2":[4,0],"3":[0,0],"4":[19,0],"5":[10,1],"6":[10,1],"7":[4,15]},"_coverageSchema":"1a1c01bbd47fc00a2c39e90264f33305004495a9","hash":"2c91229d4d4e8ac67fdd4d92ae4c773798e3e008"}
,"/Users/gosongying/orbital2/orbital/src/screen/Home/Tabs/StudyDashboard/Timer.js": {"path":"/Users/gosongying/orbital2/orbital/src/screen/Home/Tabs/StudyDashboard/Timer.js","statementMap":{"0":{"start":{"line":4,"column":23},"end":{"line":117,"column":1}},"1":{"start":{"line":5,"column":26},"end":{"line":5,"column":39}},"2":{"start":{"line":6,"column":36},"end":{"line":6,"column":51}},"3":{"start":{"line":7,"column":36},"end":{"line":7,"column":51}},"4":{"start":{"line":8,"column":44},"end":{"line":8,"column":56}},"5":{"start":{"line":9,"column":36},"end":{"line":9,"column":51}},"6":{"start":{"line":11,"column":2},"end":{"line":26,"column":18}},"7":{"start":{"line":14,"column":4},"end":{"line":23,"column":5}},"8":{"start":{"line":15,"column":6},"end":{"line":22,"column":15}},"9":{"start":{"line":16,"column":8},"end":{"line":21,"column":11}},"10":{"start":{"line":17,"column":10},"end":{"line":19,"column":11}},"11":{"start":{"line":18,"column":12},"end":{"line":18,"column":32}},"12":{"start":{"line":20,"column":10},"end":{"line":20,"column":26}},"13":{"start":{"line":25,"column":4},"end":{"line":25,"column":41}},"14":{"start":{"line":25,"column":17},"end":{"line":25,"column":40}},"15":{"start":{"line":28,"column":26},"end":{"line":30,"column":3}},"16":{"start":{"line":29,"column":4},"end":{"line":29,"column":44}},"17":{"start":{"line":29,"column":32},"end":{"line":29,"column":42}},"18":{"start":{"line":32,"column":22},"end":{"line":35,"column":3}},"19":{"start":{"line":33,"column":4},"end":{"line":33,"column":24}},"20":{"start":{"line":34,"column":4},"end":{"line":34,"column":37}},"21":{"start":{"line":37,"column":21},"end":{"line":55,"column":3}},"22":{"start":{"line":38,"column":18},"end":{"line":38,"column":41}},"23":{"start":{"line":39,"column":20},"end":{"line":39,"column":50}},"24":{"start":{"line":40,"column":20},"end":{"line":40,"column":29}},"25":{"start":{"line":42,"column":21},"end":{"line":42,"column":23}},"26":{"start":{"line":44,"column":4},"end":{"line":46,"column":5}},"27":{"start":{"line":45,"column":6},"end":{"line":45,"column":33}},"28":{"start":{"line":48,"column":4},"end":{"line":50,"column":5}},"29":{"start":{"line":49,"column":6},"end":{"line":49,"column":35}},"30":{"start":{"line":52,"column":4},"end":{"line":52,"column":60}},"31":{"start":{"line":54,"column":4},"end":{"line":54,"column":22}},"32":{"start":{"line":57,"column":23},"end":{"line":59,"column":3}},"33":{"start":{"line":58,"column":4},"end":{"line":58,"column":24}},"34":{"start":{"line":61,"column":24},"end":{"line":74,"column":3}},"35":{"start":{"line":62,"column":4},"end":{"line":62,"column":24}},"36":{"start":{"line":63,"column":4},"end":{"line":63,"column":24}},"37":{"start":{"line":66,"column":20},"end":{"line":66,"column":47}},"38":{"start":{"line":67,"column":4},"end":{"line":73,"column":5}},"39":{"start":{"line":69,"column":6},"end":{"line":72,"column":14}},"40":{"start":{"line":70,"column":8},"end":{"line":70,"column":25}},"41":{"start":{"line":71,"column":8},"end":{"line":71,"column":36}},"42":{"start":{"line":76,"column":2},"end":{"line":116,"column":4}},"43":{"start":{"line":78,"column":39},"end":{"line":78,"column":57}},"44":{"start":{"line":102,"column":40},"end":{"line":102,"column":64}},"45":{"start":{"line":119,"column":15},"end":{"line":221,"column":2}}},"fnMap":{"0":{"name":"(anonymous_0)","decl":{"start":{"line":4,"column":23},"end":{"line":4,"column":24}},"loc":{"start":{"line":4,"column":29},"end":{"line":117,"column":1}},"line":4},"1":{"name":"(anonymous_1)","decl":{"start":{"line":11,"column":12},"end":{"line":11,"column":13}},"loc":{"start":{"line":11,"column":18},"end":{"line":26,"column":3}},"line":11},"2":{"name":"(anonymous_2)","decl":{"start":{"line":15,"column":29},"end":{"line":15,"column":30}},"loc":{"start":{"line":15,"column":35},"end":{"line":22,"column":7}},"line":15},"3":{"name":"(anonymous_3)","decl":{"start":{"line":16,"column":16},"end":{"line":16,"column":17}},"loc":{"start":{"line":16,"column":30},"end":{"line":21,"column":9}},"line":16},"4":{"name":"(anonymous_4)","decl":{"start":{"line":25,"column":11},"end":{"line":25,"column":12}},"loc":{"start":{"line":25,"column":17},"end":{"line":25,"column":40}},"line":25},"5":{"name":"(anonymous_5)","decl":{"start":{"line":28,"column":26},"end":{"line":28,"column":27}},"loc":{"start":{"line":28,"column":32},"end":{"line":30,"column":3}},"line":28},"6":{"name":"(anonymous_6)","decl":{"start":{"line":29,"column":17},"end":{"line":29,"column":18}},"loc":{"start":{"line":29,"column":32},"end":{"line":29,"column":42}},"line":29},"7":{"name":"(anonymous_7)","decl":{"start":{"line":32,"column":22},"end":{"line":32,"column":23}},"loc":{"start":{"line":32,"column":28},"end":{"line":35,"column":3}},"line":32},"8":{"name":"(anonymous_8)","decl":{"start":{"line":37,"column":21},"end":{"line":37,"column":22}},"loc":{"start":{"line":37,"column":31},"end":{"line":55,"column":3}},"line":37},"9":{"name":"(anonymous_9)","decl":{"start":{"line":57,"column":23},"end":{"line":57,"column":24}},"loc":{"start":{"line":57,"column":29},"end":{"line":59,"column":3}},"line":57},"10":{"name":"(anonymous_10)","decl":{"start":{"line":61,"column":24},"end":{"line":61,"column":25}},"loc":{"start":{"line":61,"column":30},"end":{"line":74,"column":3}},"line":61},"11":{"name":"(anonymous_11)","decl":{"start":{"line":69,"column":17},"end":{"line":69,"column":18}},"loc":{"start":{"line":69,"column":23},"end":{"line":72,"column":7}},"line":69},"12":{"name":"(anonymous_12)","decl":{"start":{"line":78,"column":33},"end":{"line":78,"column":34}},"loc":{"start":{"line":78,"column":39},"end":{"line":78,"column":57}},"line":78},"13":{"name":"(anonymous_13)","decl":{"start":{"line":102,"column":28},"end":{"line":102,"column":29}},"loc":{"start":{"line":102,"column":40},"end":{"line":102,"column":64}},"line":102}},"branchMap":{"0":{"loc":{"start":{"line":14,"column":4},"end":{"line":23,"column":5}},"type":"if","locations":[{"start":{"line":14,"column":4},"end":{"line":23,"column":5}},{"start":{},"end":{}}],"line":14},"1":{"loc":{"start":{"line":17,"column":10},"end":{"line":19,"column":11}},"type":"if","locations":[{"start":{"line":17,"column":10},"end":{"line":19,"column":11}},{"start":{},"end":{}}],"line":17},"2":{"loc":{"start":{"line":44,"column":4},"end":{"line":46,"column":5}},"type":"if","locations":[{"start":{"line":44,"column":4},"end":{"line":46,"column":5}},{"start":{},"end":{}}],"line":44},"3":{"loc":{"start":{"line":48,"column":4},"end":{"line":50,"column":5}},"type":"if","locations":[{"start":{"line":48,"column":4},"end":{"line":50,"column":5}},{"start":{},"end":{}}],"line":48},"4":{"loc":{"start":{"line":48,"column":8},"end":{"line":48,"column":32}},"type":"binary-expr","locations":[{"start":{"line":48,"column":8},"end":{"line":48,"column":19}},{"start":{"line":48,"column":23},"end":{"line":48,"column":32}}],"line":48},"5":{"loc":{"start":{"line":67,"column":4},"end":{"line":73,"column":5}},"type":"if","locations":[{"start":{"line":67,"column":4},"end":{"line":73,"column":5}},{"start":{},"end":{}}],"line":67},"6":{"loc":{"start":{"line":84,"column":43},"end":{"line":84,"column":71}},"type":"cond-expr","locations":[{"start":{"line":84,"column":55},"end":{"line":84,"column":61}},{"start":{"line":84,"column":64},"end":{"line":84,"column":71}}],"line":84}},"s":{"0":1,"1":6,"2":6,"3":6,"4":6,"5":6,"6":6,"7":3,"8":1,"9":0,"10":0,"11":0,"12":0,"13":3,"14":3,"15":6,"16":1,"17":1,"18":6,"19":0,"20":0,"21":6,"22":6,"23":6,"24":6,"25":6,"26":6,"27":0,"28":6,"29":6,"30":6,"31":6,"32":6,"33":0,"34":6,"35":1,"36":1,"37":1,"38":1,"39":1,"40":0,"41":0,"42":6,"43":1,"44":1,"45":1},"f":{"0":6,"1":3,"2":0,"3":0,"4":3,"5":1,"6":1,"7":0,"8":6,"9":0,"10":1,"11":0,"12":1,"13":1},"b":{"0":[1,2],"1":[0,0],"2":[0,6],"3":[6,0],"4":[6,0],"5":[1,0],"6":[1,5]},"_coverageSchema":"1a1c01bbd47fc00a2c39e90264f33305004495a9","hash":"0ca3ca44b97a607aa44362af45cdfda26defc431"}
}
