TN:
SF:firebase.js
FNF:0
FNH:0
DA:12,5
DA:23,5
DA:25,5
DA:27,5
DA:30,5
LF:5
LH:5
BRF:0
BRH:0
end_of_record
TN:
SF:assets/firsttab2.jpg
FNF:0
FNH:0
DA:1,1
LF:1
LH:1
BRF:0
BRH:0
end_of_record
TN:
SF:assets/forthtab.jpeg
FNF:0
FNH:0
DA:1,1
LF:1
LH:1
BRF:0
BRH:0
end_of_record
TN:
SF:assets/logoOnly.png
FNF:0
FNH:0
DA:1,2
LF:1
LH:1
BRF:0
BRH:0
end_of_record
TN:
SF:assets/profileholder.png
FNF:0
FNH:0
DA:1,3
LF:1
LH:1
BRF:0
BRH:0
end_of_record
TN:
SF:assets/secondtab.jpeg
FNF:0
FNH:0
DA:1,1
LF:1
LH:1
BRF:0
BRH:0
end_of_record
TN:
SF:assets/thirdtab2.jpg
FNF:0
FNH:0
DA:1,1
LF:1
LH:1
BRF:0
BRH:0
end_of_record
TN:
SF:src/components/Authentication/CarouselCard.js
FN:22,CarouselItem
FN:37,CarouselCard
FN:43,(anonymous_2)
FN:63,(anonymous_3)
FNF:4
FNH:2
FNDA:8,CarouselItem
FNDA:2,CarouselCard
FNDA:0,(anonymous_2)
FNDA:0,(anonymous_3)
DA:14,1
DA:24,8
DA:39,2
DA:41,2
DA:43,2
DA:44,0
DA:45,0
DA:46,0
DA:48,0
DA:52,2
DA:63,0
DA:91,1
LF:12
LH:7
BRDA:45,0,0,0
BRDA:45,0,1,0
BRF:2
BRH:0
end_of_record
TN:
SF:src/components/Home/Settings/Details.js
FN:18,(anonymous_0)
FN:47,(anonymous_1)
FN:51,(anonymous_2)
FN:56,(anonymous_3)
FN:60,(anonymous_4)
FN:66,(anonymous_5)
FN:70,(anonymous_6)
FN:115,(anonymous_7)
FN:115,(anonymous_8)
FN:128,(anonymous_9)
FN:138,(anonymous_10)
FN:151,(anonymous_11)
FN:152,(anonymous_12)
FN:154,(anonymous_13)
FN:157,(anonymous_14)
FN:169,(anonymous_15)
FN:180,(anonymous_16)
FN:201,(anonymous_17)
FN:205,(anonymous_18)
FN:212,(anonymous_19)
FN:216,(anonymous_20)
FN:226,(anonymous_21)
FN:246,(anonymous_22)
FN:251,(anonymous_23)
FN:255,(anonymous_24)
FN:265,(anonymous_25)
FN:279,(anonymous_26)
FN:300,(anonymous_27)
FNF:28
FNH:9
FNDA:10,(anonymous_0)
FNDA:2,(anonymous_1)
FNDA:0,(anonymous_2)
FNDA:0,(anonymous_3)
FNDA:2,(anonymous_4)
FNDA:2,(anonymous_5)
FNDA:2,(anonymous_6)
FNDA:2,(anonymous_7)
FNDA:0,(anonymous_8)
FNDA:2,(anonymous_9)
FNDA:1,(anonymous_10)
FNDA:0,(anonymous_11)
FNDA:0,(anonymous_12)
FNDA:0,(anonymous_13)
FNDA:0,(anonymous_14)
FNDA:0,(anonymous_15)
FNDA:0,(anonymous_16)
FNDA:0,(anonymous_17)
FNDA:0,(anonymous_18)
FNDA:0,(anonymous_19)
FNDA:0,(anonymous_20)
FNDA:0,(anonymous_21)
FNDA:0,(anonymous_22)
FNDA:0,(anonymous_23)
FNDA:0,(anonymous_24)
FNDA:0,(anonymous_25)
FNDA:0,(anonymous_26)
FNDA:2,(anonymous_27)
DA:16,2
DA:18,2
DA:24,10
DA:26,10
DA:28,10
DA:30,10
DA:32,10
DA:34,10
DA:36,10
DA:38,10
DA:40,10
DA:41,10
DA:42,10
DA:45,10
DA:47,10
DA:48,2
DA:49,2
DA:51,2
DA:52,0
DA:53,0
DA:54,0
DA:57,0
DA:58,0
DA:60,2
DA:61,2
DA:66,10
DA:67,2
DA:70,10
DA:71,2
DA:72,2
DA:74,2
DA:75,0
DA:76,0
DA:77,0
DA:80,2
DA:82,0
DA:83,0
DA:84,0
DA:87,2
DA:88,0
DA:89,0
DA:90,0
DA:93,2
DA:94,0
DA:95,0
DA:96,0
DA:99,2
DA:101,0
DA:102,0
DA:103,0
DA:104,0
DA:105,0
DA:109,2
DA:110,2
DA:111,2
DA:112,2
DA:114,2
DA:115,2
DA:116,0
DA:118,0
DA:119,0
DA:120,0
DA:121,0
DA:125,0
DA:129,2
DA:131,1
DA:132,1
DA:133,1
DA:136,1
DA:139,1
DA:140,1
DA:145,0
DA:146,0
DA:147,0
DA:151,10
DA:152,0
DA:153,0
DA:154,0
DA:155,0
DA:157,0
DA:158,0
DA:159,0
DA:161,0
DA:162,0
DA:163,0
DA:166,0
DA:168,0
DA:169,0
DA:171,0
DA:172,0
DA:174,0
DA:175,0
DA:180,10
DA:182,0
DA:184,0
DA:185,0
DA:186,0
DA:187,0
DA:188,0
DA:191,0
DA:198,0
DA:200,0
DA:201,0
DA:203,0
DA:206,0
DA:207,0
DA:209,0
DA:213,0
DA:214,0
DA:217,0
DA:218,0
DA:221,0
DA:223,0
DA:226,10
DA:227,0
DA:228,0
DA:229,0
DA:230,0
DA:231,0
DA:232,0
DA:235,0
DA:243,0
DA:245,0
DA:246,0
DA:248,0
DA:252,0
DA:253,0
DA:256,0
DA:257,0
DA:260,0
DA:262,0
DA:265,10
DA:266,0
DA:267,0
DA:268,0
DA:270,0
DA:272,0
DA:273,0
DA:277,10
DA:280,0
DA:281,0
DA:300,2
DA:376,2
LF:143
LH:50
BRDA:24,0,0,0
BRDA:24,0,1,10
BRDA:26,1,0,0
BRDA:26,1,1,10
BRDA:34,2,0,0
BRDA:34,2,1,10
BRDA:41,3,0,10
BRDA:41,3,1,0
BRDA:41,4,0,0
BRDA:41,4,1,0
BRDA:41,5,0,0
BRDA:41,5,1,0
BRDA:41,6,0,0
BRDA:41,6,1,0
BRDA:41,7,0,0
BRDA:41,7,1,0
BRDA:42,8,0,10
BRDA:42,8,1,0
BRDA:42,9,0,0
BRDA:42,9,1,0
BRDA:42,10,0,0
BRDA:42,10,1,0
BRDA:42,11,0,0
BRDA:42,11,1,0
BRDA:42,12,0,0
BRDA:42,12,1,0
BRDA:45,13,0,0
BRDA:45,13,1,10
BRDA:48,14,0,2
BRDA:48,14,1,0
BRDA:52,15,0,0
BRDA:52,15,1,0
BRDA:74,16,0,0
BRDA:74,16,1,2
BRDA:80,17,0,0
BRDA:80,17,1,2
BRDA:87,18,0,0
BRDA:87,18,1,2
BRDA:93,19,0,0
BRDA:93,19,1,2
BRDA:99,20,0,0
BRDA:99,20,1,2
BRDA:116,21,0,0
BRDA:116,21,1,0
BRDA:129,22,0,1
BRDA:129,22,1,1
BRDA:185,23,0,0
BRDA:185,23,1,0
BRDA:198,24,0,0
BRDA:198,24,1,0
BRDA:229,25,0,0
BRDA:229,25,1,0
BRDA:243,26,0,0
BRDA:243,26,1,0
BRDA:288,27,0,0
BRDA:288,27,1,10
BRDA:296,28,0,7
BRDA:296,28,1,3
BRDA:312,29,0,0
BRDA:312,29,1,3
BRDA:314,30,0,0
BRDA:314,30,1,3
BRDA:322,31,0,3
BRDA:322,31,1,3
BRDA:349,32,0,3
BRDA:349,32,1,0
BRDA:360,33,0,10
BRDA:360,33,1,10
BRF:68
BRH:24
end_of_record
TN:
SF:src/screen/Authentication/LandingPage.js
FN:17,(anonymous_0)
FN:21,(anonymous_1)
FN:26,(anonymous_2)
FN:31,(anonymous_3)
FN:49,(anonymous_4)
FNF:5
FNH:3
FNDA:2,(anonymous_0)
FNDA:0,(anonymous_1)
FNDA:0,(anonymous_2)
FNDA:1,(anonymous_3)
FNDA:1,(anonymous_4)
DA:17,1
DA:19,2
DA:21,2
DA:22,0
DA:23,0
DA:26,2
DA:27,0
DA:28,0
DA:31,2
DA:33,1
DA:47,1
DA:48,1
DA:50,1
DA:53,1
DA:54,1
DA:58,0
DA:59,0
DA:63,2
DA:94,1
LF:19
LH:13
BRDA:53,0,0,0
BRDA:53,0,1,1
BRF:2
BRH:1
end_of_record
TN:
SF:src/screen/Authentication/LoginPage.js
FN:19,(anonymous_0)
FN:35,(anonymous_1)
FN:39,(anonymous_2)
FN:46,(anonymous_3)
FN:64,(anonymous_4)
FN:68,(anonymous_5)
FN:72,(anonymous_6)
FN:76,(anonymous_7)
FN:81,(anonymous_8)
FN:106,(anonymous_9)
FN:112,(anonymous_10)
FN:123,(anonymous_11)
FN:194,(anonymous_12)
FN:222,(anonymous_13)
FN:233,(anonymous_14)
FNF:15
FNH:12
FNDA:26,(anonymous_0)
FNDA:2,(anonymous_1)
FNDA:1,(anonymous_2)
FNDA:1,(anonymous_3)
FNDA:3,(anonymous_4)
FNDA:3,(anonymous_5)
FNDA:2,(anonymous_6)
FNDA:0,(anonymous_7)
FNDA:0,(anonymous_8)
FNDA:3,(anonymous_9)
FNDA:2,(anonymous_10)
FNDA:1,(anonymous_11)
FNDA:3,(anonymous_12)
FNDA:2,(anonymous_13)
FNDA:0,(anonymous_14)
DA:19,1
DA:21,26
DA:23,26
DA:25,26
DA:27,26
DA:29,26
DA:31,26
DA:33,26
DA:35,26
DA:36,2
DA:38,2
DA:41,1
DA:42,1
DA:43,1
DA:44,1
DA:48,1
DA:49,1
DA:50,1
DA:51,1
DA:52,1
DA:53,0
DA:54,0
DA:55,0
DA:56,0
DA:58,0
DA:64,26
DA:65,3
DA:68,26
DA:69,3
DA:72,26
DA:73,2
DA:76,26
DA:77,0
DA:78,0
DA:81,26
DA:82,0
DA:83,0
DA:106,26
DA:108,3
DA:109,3
DA:111,3
DA:114,2
DA:115,2
DA:117,1
DA:120,1
DA:125,1
DA:126,1
DA:127,1
DA:128,1
DA:129,1
DA:130,0
DA:131,0
DA:132,0
DA:133,0
DA:134,0
DA:135,0
DA:136,0
DA:137,0
DA:139,0
DA:144,26
DA:194,3
DA:222,2
DA:234,0
DA:235,0
DA:260,1
LF:65
LH:45
BRDA:51,0,0,1
BRDA:51,0,1,0
BRDA:53,1,0,0
BRDA:53,1,1,0
BRDA:55,2,0,0
BRDA:55,2,1,0
BRDA:115,3,0,1
BRDA:115,3,1,1
BRDA:128,4,0,1
BRDA:128,4,1,0
BRDA:130,5,0,0
BRDA:130,5,1,0
BRDA:132,6,0,0
BRDA:132,6,1,0
BRDA:134,7,0,0
BRDA:134,7,1,0
BRDA:136,8,0,0
BRDA:136,8,1,0
BRDA:156,9,0,26
BRDA:156,9,1,23
BRDA:169,10,0,26
BRDA:169,10,1,23
BRDA:181,11,0,26
BRDA:181,11,1,23
BRDA:186,12,0,3
BRDA:186,12,1,23
BRDA:199,13,0,26
BRDA:199,13,1,23
BRDA:205,14,0,26
BRDA:205,14,1,23
BRDA:243,15,0,4
BRDA:243,15,1,22
BRF:32
BRH:18
end_of_record
TN:
SF:src/screen/Authentication/SignupPage.js
FN:18,(anonymous_0)
FN:30,(anonymous_1)
FN:34,(anonymous_2)
FN:38,(anonymous_3)
FN:56,(anonymous_4)
FN:83,(anonymous_5)
FN:87,(anonymous_6)
FN:110,(anonymous_7)
FN:115,(anonymous_8)
FNF:9
FNH:7
FNDA:11,(anonymous_0)
FNDA:2,(anonymous_1)
FNDA:2,(anonymous_2)
FNDA:2,(anonymous_3)
FNDA:2,(anonymous_4)
FNDA:1,(anonymous_5)
FNDA:1,(anonymous_6)
FNDA:0,(anonymous_7)
FNDA:0,(anonymous_8)
DA:18,1
DA:20,11
DA:22,11
DA:24,11
DA:26,11
DA:28,11
DA:30,11
DA:31,2
DA:34,11
DA:35,2
DA:38,11
DA:39,2
DA:56,11
DA:58,2
DA:59,2
DA:61,2
DA:62,0
DA:63,0
DA:64,0
DA:65,0
DA:68,2
DA:69,0
DA:70,0
DA:71,0
DA:72,0
DA:75,2
DA:76,0
DA:77,0
DA:78,0
DA:79,0
DA:82,2
DA:85,1
DA:89,1
DA:90,1
DA:91,1
DA:92,1
DA:93,1
DA:94,0
DA:95,0
DA:96,0
DA:98,0
DA:99,0
DA:100,0
DA:101,0
DA:102,0
DA:104,0
DA:110,11
DA:111,0
DA:112,0
DA:115,11
DA:116,0
DA:117,0
DA:120,11
DA:200,1
LF:54
LH:29
BRDA:61,0,0,0
BRDA:61,0,1,2
BRDA:61,1,0,2
BRDA:61,1,1,0
BRDA:68,2,0,0
BRDA:68,2,1,2
BRDA:68,3,0,2
BRDA:68,3,1,2
BRDA:75,4,0,0
BRDA:75,4,1,2
BRDA:92,5,0,1
BRDA:92,5,1,0
BRDA:94,6,0,0
BRDA:94,6,1,0
BRDA:96,7,0,0
BRDA:96,7,1,0
BRDA:99,8,0,0
BRDA:99,8,1,0
BRDA:101,9,0,0
BRDA:101,9,1,0
BRDA:129,10,0,11
BRDA:129,10,1,9
BRDA:142,11,0,11
BRDA:142,11,1,9
BRDA:154,12,0,11
BRDA:154,12,1,9
BRDA:165,13,0,11
BRDA:165,13,1,9
BRDA:169,14,0,2
BRDA:169,14,1,9
BRDA:190,15,0,11
BRDA:190,15,1,8
BRF:32
BRH:19
end_of_record
TN:
SF:src/screen/Authentication/SignupPage2.js
FN:13,(anonymous_0)
FN:26,(anonymous_1)
FN:27,(anonymous_2)
FN:29,(anonymous_3)
FN:32,(anonymous_4)
FN:54,(anonymous_5)
FN:75,(anonymous_6)
FN:94,(anonymous_7)
FN:104,(anonymous_8)
FN:115,(anonymous_9)
FN:139,(anonymous_10)
FN:151,(anonymous_11)
FN:153,(anonymous_12)
FN:159,(anonymous_13)
FN:185,(anonymous_14)
FN:188,(anonymous_15)
FN:192,(anonymous_16)
FN:197,(anonymous_17)
FN:201,(anonymous_18)
FN:209,(anonymous_19)
FN:217,(anonymous_20)
FN:226,(anonymous_21)
FN:229,(anonymous_22)
FN:369,(anonymous_23)
FN:419,(anonymous_24)
FN:463,(anonymous_25)
FNF:26
FNH:13
FNDA:28,(anonymous_0)
FNDA:0,(anonymous_1)
FNDA:0,(anonymous_2)
FNDA:0,(anonymous_3)
FNDA:0,(anonymous_4)
FNDA:2,(anonymous_5)
FNDA:2,(anonymous_6)
FNDA:2,(anonymous_7)
FNDA:0,(anonymous_8)
FNDA:2,(anonymous_9)
FNDA:1,(anonymous_10)
FNDA:0,(anonymous_11)
FNDA:0,(anonymous_12)
FNDA:6,(anonymous_13)
FNDA:2,(anonymous_14)
FNDA:0,(anonymous_15)
FNDA:6,(anonymous_16)
FNDA:2,(anonymous_17)
FNDA:2,(anonymous_18)
FNDA:0,(anonymous_19)
FNDA:0,(anonymous_20)
FNDA:351,(anonymous_21)
FNDA:0,(anonymous_22)
FNDA:351,(anonymous_23)
FNDA:0,(anonymous_24)
FNDA:0,(anonymous_25)
DA:13,1
DA:15,28
DA:16,28
DA:17,28
DA:18,28
DA:19,28
DA:20,28
DA:21,28
DA:22,28
DA:24,28
DA:26,28
DA:27,0
DA:28,0
DA:29,0
DA:30,0
DA:32,0
DA:33,0
DA:34,0
DA:36,0
DA:37,0
DA:38,0
DA:41,0
DA:43,0
DA:44,0
DA:46,0
DA:47,0
DA:49,0
DA:50,0
DA:54,28
DA:56,2
DA:57,2
DA:58,1
DA:59,1
DA:62,1
DA:70,1
DA:71,1
DA:75,28
DA:76,2
DA:77,2
DA:78,1
DA:79,1
DA:82,1
DA:89,1
DA:90,1
DA:94,28
DA:96,2
DA:98,2
DA:101,2
DA:103,2
DA:104,2
DA:105,0
DA:106,0
DA:107,0
DA:108,0
DA:110,0
DA:113,0
DA:116,2
DA:118,2
DA:119,2
DA:140,1
DA:142,2
DA:147,0
DA:151,28
DA:152,0
DA:153,0
DA:155,0
DA:159,28
DA:160,6
DA:161,1
DA:162,1
DA:163,1
DA:165,5
DA:166,1
DA:167,1
DA:168,1
DA:171,4
DA:172,1
DA:173,1
DA:174,1
DA:175,1
DA:178,3
DA:179,1
DA:180,1
DA:181,1
DA:182,1
DA:185,2
DA:188,28
DA:189,0
DA:192,28
DA:193,6
DA:194,6
DA:197,28
DA:198,2
DA:201,28
DA:202,2
DA:203,0
DA:205,2
DA:209,28
DA:210,0
DA:211,0
DA:213,0
DA:217,28
DA:218,0
DA:219,0
DA:220,0
DA:221,0
DA:222,0
DA:223,0
DA:226,28
DA:227,351
DA:229,0
DA:236,28
DA:238,28
DA:240,28
DA:244,28
DA:247,28
DA:250,28
DA:252,28
DA:268,28
DA:369,351
DA:419,0
DA:464,0
DA:477,1
LF:123
LH:82
BRDA:24,0,0,0
BRDA:24,0,1,28
BRDA:57,1,0,1
BRDA:57,1,1,1
BRDA:70,2,0,1
BRDA:70,2,1,0
BRDA:77,3,0,1
BRDA:77,3,1,1
BRDA:89,4,0,1
BRDA:89,4,1,0
BRDA:105,5,0,0
BRDA:105,5,1,0
BRDA:116,6,0,2
BRDA:116,6,1,0
BRDA:118,7,0,0
BRDA:118,7,1,2
BRDA:152,8,0,0
BRDA:152,8,1,0
BRDA:160,9,0,1
BRDA:160,9,1,5
BRDA:165,10,0,1
BRDA:165,10,1,4
BRDA:171,11,0,1
BRDA:171,11,1,3
BRDA:178,12,0,1
BRDA:178,12,1,2
BRDA:202,13,0,0
BRDA:202,13,1,2
BRDA:210,14,0,0
BRDA:210,14,1,0
BRDA:228,15,0,351
BRDA:228,15,1,0
BRDA:289,16,0,2
BRDA:289,16,1,26
BRDA:333,17,0,28
BRDA:333,17,1,8
BRDA:341,18,0,28
BRDA:341,18,1,0
BRDA:392,19,0,6
BRDA:392,19,1,22
BRDA:410,20,0,4
BRDA:410,20,1,24
BRDA:426,21,0,28
BRDA:426,21,1,6
BRDA:426,21,2,4
BRDA:426,21,3,4
BRDA:426,21,4,24
BRDA:428,22,0,28
BRDA:428,22,1,4
BRDA:428,22,2,4
BRDA:428,22,3,2
BRDA:428,22,4,2
BRF:52
BRH:38
end_of_record
TN:
SF:src/screen/Home/Tabs/Settings/FriendListSetting.js
FN:10,(anonymous_0)
FN:25,(anonymous_1)
FN:28,(anonymous_2)
FN:34,(anonymous_3)
FN:37,(anonymous_4)
FN:40,(anonymous_5)
FN:47,(anonymous_6)
FN:49,(anonymous_7)
FN:54,(anonymous_8)
FN:56,(anonymous_9)
FN:67,(anonymous_10)
FN:72,(anonymous_11)
FN:81,(anonymous_12)
FN:87,(anonymous_13)
FN:114,(anonymous_14)
FN:124,(anonymous_15)
FN:129,(anonymous_16)
FN:131,(anonymous_17)
FN:138,(anonymous_18)
FN:140,(anonymous_19)
FN:143,(anonymous_20)
FN:145,(anonymous_21)
FN:150,(anonymous_22)
FN:159,(anonymous_23)
FN:167,(anonymous_24)
FN:171,(anonymous_25)
FN:182,(anonymous_26)
FN:188,(anonymous_27)
FN:195,(anonymous_28)
FN:202,(anonymous_29)
FN:204,(anonymous_30)
FN:219,(anonymous_31)
FN:221,(anonymous_32)
FN:237,(anonymous_33)
FN:244,(anonymous_34)
FN:255,(anonymous_35)
FN:275,(anonymous_36)
FN:280,(anonymous_37)
FN:293,(anonymous_38)
FN:313,(anonymous_39)
FN:365,(anonymous_40)
FN:374,(anonymous_41)
FN:401,(anonymous_42)
FN:404,(anonymous_43)
FNF:44
FNH:16
FNDA:13,(anonymous_0)
FNDA:2,(anonymous_1)
FNDA:0,(anonymous_2)
FNDA:0,(anonymous_3)
FNDA:0,(anonymous_4)
FNDA:0,(anonymous_5)
FNDA:0,(anonymous_6)
FNDA:0,(anonymous_7)
FNDA:0,(anonymous_8)
FNDA:0,(anonymous_9)
FNDA:2,(anonymous_10)
FNDA:0,(anonymous_11)
FNDA:1,(anonymous_12)
FNDA:0,(anonymous_13)
FNDA:0,(anonymous_14)
FNDA:0,(anonymous_15)
FNDA:0,(anonymous_16)
FNDA:0,(anonymous_17)
FNDA:0,(anonymous_18)
FNDA:0,(anonymous_19)
FNDA:0,(anonymous_20)
FNDA:0,(anonymous_21)
FNDA:0,(anonymous_22)
FNDA:2,(anonymous_23)
FNDA:2,(anonymous_24)
FNDA:2,(anonymous_25)
FNDA:0,(anonymous_26)
FNDA:1,(anonymous_27)
FNDA:0,(anonymous_28)
FNDA:1,(anonymous_29)
FNDA:0,(anonymous_30)
FNDA:1,(anonymous_31)
FNDA:1,(anonymous_32)
FNDA:0,(anonymous_33)
FNDA:0,(anonymous_34)
FNDA:0,(anonymous_35)
FNDA:0,(anonymous_36)
FNDA:2,(anonymous_37)
FNDA:1,(anonymous_38)
FNDA:1,(anonymous_39)
FNDA:2,(anonymous_40)
FNDA:2,(anonymous_41)
FNDA:0,(anonymous_42)
FNDA:0,(anonymous_43)
DA:10,1
DA:11,13
DA:13,13
DA:14,13
DA:16,13
DA:17,13
DA:18,13
DA:19,13
DA:20,13
DA:21,13
DA:23,13
DA:25,13
DA:28,2
DA:29,0
DA:30,0
DA:31,0
DA:32,0
DA:34,0
DA:35,0
DA:36,0
DA:38,0
DA:41,0
DA:42,0
DA:44,0
DA:46,0
DA:47,0
DA:49,0
DA:50,0
DA:51,0
DA:52,0
DA:54,0
DA:55,0
DA:56,0
DA:57,0
DA:62,0
DA:64,0
DA:65,0
DA:67,2
DA:68,2
DA:72,13
DA:73,0
DA:74,0
DA:75,0
DA:76,0
DA:77,0
DA:78,0
DA:81,13
DA:82,1
DA:83,1
DA:87,0
DA:114,0
DA:124,13
DA:125,0
DA:126,0
DA:127,0
DA:128,0
DA:129,0
DA:130,0
DA:131,0
DA:132,0
DA:133,0
DA:134,0
DA:136,0
DA:139,0
DA:140,0
DA:143,0
DA:144,0
DA:145,0
DA:146,0
DA:148,0
DA:151,0
DA:154,0
DA:155,0
DA:159,13
DA:160,2
DA:161,0
DA:162,0
DA:164,2
DA:166,2
DA:168,2
DA:169,2
DA:170,2
DA:172,2
DA:173,2
DA:174,2
DA:175,2
DA:176,2
DA:179,0
DA:183,0
DA:184,0
DA:188,13
DA:189,1
DA:190,1
DA:191,1
DA:192,1
DA:193,1
DA:195,1
DA:196,0
DA:197,0
DA:198,0
DA:200,0
DA:202,1
DA:204,1
DA:205,0
DA:206,0
DA:207,0
DA:209,0
DA:210,0
DA:213,0
DA:214,0
DA:217,0
DA:220,1
DA:223,1
DA:227,1
DA:228,1
DA:229,1
DA:230,1
DA:231,1
DA:233,0
DA:234,0
DA:237,13
DA:238,0
DA:239,0
DA:240,0
DA:241,0
DA:244,13
DA:245,0
DA:246,0
DA:247,0
DA:250,13
DA:255,0
DA:275,0
DA:280,2
DA:293,1
DA:313,1
DA:365,2
DA:374,2
DA:401,0
DA:404,0
DA:415,1
LF:140
LH:57
BRDA:30,0,0,0
BRDA:30,0,1,0
BRDA:31,1,0,0
BRDA:31,1,1,0
BRDA:51,2,0,0
BRDA:51,2,1,0
BRDA:54,3,0,0
BRDA:54,3,1,0
BRDA:74,4,0,0
BRDA:74,4,1,0
BRDA:74,5,0,0
BRDA:74,5,1,0
BRDA:74,6,0,0
BRDA:74,6,1,0
BRDA:74,7,0,0
BRDA:74,7,1,0
BRDA:74,8,0,0
BRDA:74,8,1,0
BRDA:75,9,0,0
BRDA:75,9,1,0
BRDA:75,10,0,0
BRDA:75,10,1,0
BRDA:75,11,0,0
BRDA:75,11,1,0
BRDA:75,12,0,0
BRDA:75,12,1,0
BRDA:75,13,0,0
BRDA:75,13,1,0
BRDA:82,14,0,1
BRDA:82,14,1,0
BRDA:82,15,0,1
BRDA:82,15,1,0
BRDA:88,16,0,0
BRDA:88,16,1,1
BRDA:98,17,0,1
BRDA:98,17,1,0
BRDA:102,18,0,0
BRDA:102,18,1,1
BRDA:132,19,0,0
BRDA:132,19,1,0
BRDA:144,20,0,0
BRDA:144,20,1,0
BRDA:160,21,0,0
BRDA:160,21,1,2
BRDA:168,22,0,2
BRDA:168,22,1,0
BRDA:173,23,0,2
BRDA:173,23,1,0
BRDA:173,24,0,0
BRDA:173,24,1,0
BRDA:173,25,0,0
BRDA:173,25,1,0
BRDA:173,26,0,0
BRDA:173,26,1,0
BRDA:173,27,0,0
BRDA:173,27,1,0
BRDA:174,28,0,2
BRDA:174,28,1,0
BRDA:174,29,0,0
BRDA:174,29,1,0
BRDA:174,30,0,0
BRDA:174,30,1,0
BRDA:174,31,0,0
BRDA:174,31,1,0
BRDA:174,32,0,0
BRDA:174,32,1,0
BRDA:196,33,0,0
BRDA:196,33,1,0
BRDA:205,34,0,0
BRDA:205,34,1,0
BRDA:207,35,0,0
BRDA:207,35,1,0
BRDA:300,36,0,13
BRDA:300,36,1,5
BRDA:301,37,0,4
BRDA:301,37,1,9
BRDA:310,38,0,0
BRDA:310,38,1,4
BRDA:312,39,0,4
BRDA:312,39,1,0
BRDA:321,40,0,0
BRDA:321,40,1,4
BRDA:336,41,0,0
BRDA:336,41,1,4
BRDA:350,42,0,0
BRDA:350,42,1,4
BRDA:396,43,0,13
BRDA:396,43,1,0
BRF:88
BRH:19
end_of_record
TN:
SF:src/screen/Home/Tabs/StudyDashboard/Calculator.js
FN:14,(anonymous_0)
FN:15,(anonymous_1)
FN:20,(anonymous_2)
FN:37,(anonymous_3)
FN:41,(anonymous_4)
FN:73,(anonymous_5)
FN:74,(anonymous_6)
FN:75,(anonymous_7)
FN:76,(anonymous_8)
FN:79,(anonymous_9)
FN:80,(anonymous_10)
FN:81,(anonymous_11)
FN:82,(anonymous_12)
FN:85,(anonymous_13)
FN:86,(anonymous_14)
FN:87,(anonymous_15)
FN:88,(anonymous_16)
FN:91,(anonymous_17)
FN:92,(anonymous_18)
FN:94,(anonymous_19)
FN:97,(anonymous_20)
FN:98,(anonymous_21)
FN:99,(anonymous_22)
FN:111,(anonymous_23)
FNF:24
FNH:8
FNDA:17,(anonymous_0)
FNDA:0,(anonymous_1)
FNDA:2,(anonymous_2)
FNDA:0,(anonymous_3)
FNDA:1,(anonymous_4)
FNDA:0,(anonymous_5)
FNDA:0,(anonymous_6)
FNDA:0,(anonymous_7)
FNDA:0,(anonymous_8)
FNDA:0,(anonymous_9)
FNDA:0,(anonymous_10)
FNDA:0,(anonymous_11)
FNDA:0,(anonymous_12)
FNDA:3,(anonymous_13)
FNDA:4,(anonymous_14)
FNDA:1,(anonymous_15)
FNDA:0,(anonymous_16)
FNDA:0,(anonymous_17)
FNDA:0,(anonymous_18)
FNDA:3,(anonymous_19)
FNDA:0,(anonymous_20)
FNDA:0,(anonymous_21)
FNDA:0,(anonymous_22)
FNDA:340,(anonymous_23)
DA:14,1
DA:15,17
DA:17,17
DA:18,17
DA:20,17
DA:21,2
DA:22,2
DA:23,2
DA:27,2
DA:28,1
DA:30,1
DA:32,1
DA:33,1
DA:37,17
DA:38,0
DA:41,17
DA:42,1
DA:45,17
DA:73,0
DA:74,0
DA:75,0
DA:76,0
DA:79,0
DA:80,0
DA:81,0
DA:82,0
DA:85,3
DA:86,4
DA:87,1
DA:88,0
DA:91,0
DA:92,0
DA:94,3
DA:97,0
DA:98,0
DA:99,0
DA:111,1
DA:112,340
DA:120,1
LF:39
LH:24
BRDA:113,0,0,340
BRDA:113,0,1,340
BRF:2
BRH:2
end_of_record
TN:
SF:src/screen/Home/Tabs/StudyDashboard/Dictionary.js
FN:16,(anonymous_0)
FN:17,(anonymous_1)
FN:22,(anonymous_2)
FN:32,(anonymous_3)
FN:53,(anonymous_4)
FN:86,(anonymous_5)
FNF:6
FNH:5
FNDA:6,(anonymous_0)
FNDA:0,(anonymous_1)
FNDA:1,(anonymous_2)
FNDA:2,(anonymous_3)
FNDA:1,(anonymous_4)
FNDA:2,(anonymous_5)
DA:16,1
DA:17,6
DA:19,6
DA:20,6
DA:22,6
DA:23,1
DA:24,1
DA:25,1
DA:27,1
DA:28,1
DA:29,1
DA:31,1
DA:32,1
DA:33,2
DA:34,2
DA:36,0
DA:39,1
DA:40,1
DA:42,0
DA:45,0
DA:48,0
DA:49,0
DA:53,6
DA:54,1
DA:55,1
DA:56,1
DA:59,6
DA:87,2
DA:103,1
LF:29
LH:24
BRDA:31,0,0,1
BRDA:31,0,1,0
BRDA:31,1,0,1
BRDA:31,1,1,1
BRDA:33,2,0,2
BRDA:33,2,1,0
BRDA:39,3,0,1
BRDA:39,3,1,0
BRF:8
BRH:5
end_of_record
TN:
SF:src/screen/Home/Tabs/StudyDashboard/Notecards.js
FN:19,(anonymous_0)
FN:30,(anonymous_1)
FN:31,(anonymous_2)
FN:45,(anonymous_3)
FN:46,(anonymous_4)
FN:58,(anonymous_5)
FN:60,(anonymous_6)
FN:64,(anonymous_7)
FN:68,(anonymous_8)
FN:87,(anonymous_9)
FN:94,(anonymous_10)
FN:101,(anonymous_11)
FN:107,(anonymous_12)
FN:114,(anonymous_13)
FN:119,(anonymous_14)
FN:122,(anonymous_15)
FN:160,(anonymous_16)
FN:171,(anonymous_17)
FN:177,(anonymous_18)
FN:186,(anonymous_19)
FN:205,(anonymous_20)
FN:243,(anonymous_21)
FN:295,(anonymous_22)
FN:304,(anonymous_23)
FN:313,(anonymous_24)
FN:322,(anonymous_25)
FNF:26
FNH:15
FNDA:18,(anonymous_0)
FNDA:3,(anonymous_1)
FNDA:3,(anonymous_2)
FNDA:7,(anonymous_3)
FNDA:7,(anonymous_4)
FNDA:0,(anonymous_5)
FNDA:0,(anonymous_6)
FNDA:4,(anonymous_7)
FNDA:3,(anonymous_8)
FNDA:0,(anonymous_9)
FNDA:0,(anonymous_10)
FNDA:1,(anonymous_11)
FNDA:0,(anonymous_12)
FNDA:3,(anonymous_13)
FNDA:8,(anonymous_14)
FNDA:0,(anonymous_15)
FNDA:10,(anonymous_16)
FNDA:0,(anonymous_17)
FNDA:0,(anonymous_18)
FNDA:0,(anonymous_19)
FNDA:3,(anonymous_20)
FNDA:1,(anonymous_21)
FNDA:0,(anonymous_22)
FNDA:1,(anonymous_23)
FNDA:0,(anonymous_24)
FNDA:1,(anonymous_25)
DA:19,1
DA:20,18
DA:21,18
DA:22,18
DA:23,18
DA:24,18
DA:25,18
DA:26,18
DA:27,18
DA:28,18
DA:30,18
DA:31,3
DA:32,3
DA:33,3
DA:34,3
DA:35,0
DA:38,0
DA:42,3
DA:45,18
DA:46,7
DA:47,7
DA:48,7
DA:50,0
DA:54,7
DA:58,18
DA:60,18
DA:61,0
DA:64,18
DA:65,4
DA:68,18
DA:69,3
DA:70,3
DA:75,3
DA:76,3
DA:78,3
DA:79,3
DA:80,3
DA:81,3
DA:82,3
DA:83,3
DA:87,18
DA:88,0
DA:89,0
DA:90,0
DA:94,18
DA:95,0
DA:96,0
DA:97,0
DA:101,18
DA:102,1
DA:103,1
DA:104,1
DA:107,18
DA:108,0
DA:109,0
DA:110,0
DA:111,0
DA:114,18
DA:115,3
DA:116,3
DA:119,18
DA:120,8
DA:122,8
DA:123,0
DA:124,0
DA:126,0
DA:128,0
DA:130,0
DA:133,0
DA:135,0
DA:138,0
DA:139,0
DA:140,0
DA:145,8
DA:160,18
DA:161,10
DA:171,18
DA:172,0
DA:173,0
DA:177,18
DA:178,0
DA:179,0
DA:180,0
DA:181,0
DA:186,18
DA:187,0
DA:188,0
DA:189,0
DA:190,0
DA:192,0
DA:193,0
DA:194,0
DA:197,18
DA:205,3
DA:243,1
DA:295,0
DA:304,1
DA:314,0
DA:315,0
DA:316,0
DA:323,1
DA:324,0
DA:326,1
DA:327,1
DA:329,1
DA:330,1
DA:331,1
DA:343,1
LF:108
LH:66
BRDA:34,0,0,0
BRDA:34,0,1,3
BRDA:69,1,0,3
BRDA:69,1,1,0
BRDA:69,2,0,3
BRDA:69,2,1,3
BRDA:88,3,0,0
BRDA:88,3,1,0
BRDA:95,4,0,0
BRDA:95,4,1,0
BRDA:128,5,0,0
BRDA:128,5,1,0
BRDA:133,6,0,0
BRDA:133,6,1,0
BRDA:147,7,0,8
BRDA:147,7,1,0
BRDA:148,8,0,8
BRDA:148,8,1,0
BRDA:149,9,0,8
BRDA:149,9,1,0
BRDA:163,10,0,10
BRDA:163,10,1,0
BRDA:178,11,0,0
BRDA:178,11,1,0
BRDA:212,12,0,8
BRDA:212,12,1,10
BRDA:225,13,0,15
BRDA:225,13,1,3
BRDA:229,14,0,15
BRDA:229,14,1,3
BRDA:232,15,0,10
BRDA:232,15,1,8
BRDA:235,16,0,18
BRDA:235,16,1,0
BRDA:239,17,0,18
BRDA:239,17,1,0
BRDA:323,18,0,0
BRDA:323,18,1,1
BRDA:326,19,0,1
BRDA:326,19,1,0
BRF:40
BRH:20
end_of_record
TN:
SF:src/screen/Home/Tabs/StudyDashboard/Notes.js
FN:6,(anonymous_0)
FN:11,(anonymous_1)
FN:15,(anonymous_2)
FN:26,(anonymous_3)
FN:34,(anonymous_4)
FN:39,(anonymous_5)
FN:43,(anonymous_6)
FN:50,(anonymous_7)
FN:55,(anonymous_8)
FN:59,(anonymous_9)
FN:111,(anonymous_10)
FNF:11
FNH:7
FNDA:9,(anonymous_0)
FNDA:3,(anonymous_1)
FNDA:3,(anonymous_2)
FNDA:3,(anonymous_3)
FNDA:2,(anonymous_4)
FNDA:1,(anonymous_5)
FNDA:1,(anonymous_6)
FNDA:0,(anonymous_7)
FNDA:0,(anonymous_8)
FNDA:0,(anonymous_9)
FNDA:0,(anonymous_10)
DA:6,1
DA:7,9
DA:8,9
DA:9,9
DA:11,9
DA:12,3
DA:15,9
DA:16,3
DA:17,3
DA:18,3
DA:19,2
DA:22,0
DA:26,9
DA:27,3
DA:28,3
DA:30,0
DA:34,9
DA:35,2
DA:36,2
DA:39,9
DA:40,1
DA:43,9
DA:44,1
DA:45,1
DA:46,1
DA:47,1
DA:50,9
DA:51,0
DA:52,0
DA:55,9
DA:56,0
DA:59,9
DA:61,9
DA:111,0
DA:121,1
LF:35
LH:29
BRDA:18,0,0,2
BRDA:18,0,1,1
BRF:2
BRH:2
end_of_record
TN:
SF:src/screen/Home/Tabs/StudyDashboard/Stopwatch.js
FN:5,(anonymous_0)
FN:11,(anonymous_1)
FN:15,(anonymous_2)
FN:21,(anonymous_3)
FN:24,(anonymous_4)
FN:30,(anonymous_5)
FN:52,(anonymous_6)
FN:62,(anonymous_7)
FN:69,(anonymous_8)
FNF:9
FNH:7
FNDA:3,(anonymous_0)
FNDA:2,(anonymous_1)
FNDA:0,(anonymous_2)
FNDA:2,(anonymous_3)
FNDA:2,(anonymous_4)
FNDA:1,(anonymous_5)
FNDA:1,(anonymous_6)
FNDA:0,(anonymous_7)
FNDA:1,(anonymous_8)
DA:5,1
DA:6,3
DA:7,3
DA:8,3
DA:9,3
DA:11,3
DA:14,2
DA:15,1
DA:16,0
DA:17,0
DA:21,2
DA:24,3
DA:25,2
DA:26,1
DA:30,3
DA:31,1
DA:32,1
DA:33,1
DA:34,1
DA:35,1
DA:37,1
DA:39,1
DA:40,0
DA:43,1
DA:44,0
DA:47,1
DA:49,1
DA:52,3
DA:53,1
DA:54,0
DA:56,1
DA:57,1
DA:62,3
DA:63,0
DA:64,0
DA:65,0
DA:69,3
DA:70,1
DA:73,3
DA:90,1
LF:40
LH:32
BRDA:14,0,0,1
BRDA:14,0,1,1
BRDA:25,1,0,1
BRDA:25,1,1,1
BRDA:39,2,0,0
BRDA:39,2,1,1
BRDA:43,3,0,0
BRDA:43,3,1,1
BRDA:43,4,0,1
BRDA:43,4,1,1
BRDA:53,5,0,0
BRDA:53,5,1,1
BRDA:79,6,0,2
BRDA:79,6,1,1
BRF:14
BRH:11
end_of_record
TN:
SF:src/screen/Home/Tabs/StudyDashboard/Tasks.js
FN:17,(anonymous_0)
FN:27,(anonymous_1)
FN:28,(anonymous_2)
FN:32,(anonymous_3)
FN:37,(anonymous_4)
FN:38,(anonymous_5)
FN:52,(anonymous_6)
FN:53,(anonymous_7)
FN:65,(anonymous_8)
FN:69,(anonymous_9)
FN:77,(anonymous_10)
FN:86,(anonymous_11)
FN:87,(anonymous_12)
FN:94,(anonymous_13)
FN:96,(anonymous_14)
FN:101,(anonymous_15)
FN:102,(anonymous_16)
FN:109,(anonymous_17)
FN:111,(anonymous_18)
FN:118,(anonymous_19)
FN:128,(anonymous_20)
FN:129,(anonymous_21)
FN:133,(anonymous_22)
FN:137,(anonymous_23)
FN:161,(anonymous_24)
FN:165,(anonymous_25)
FN:168,(anonymous_26)
FN:179,(anonymous_27)
FN:201,(anonymous_28)
FN:216,(anonymous_29)
FNF:30
FNH:20
FNDA:19,(anonymous_0)
FNDA:3,(anonymous_1)
FNDA:0,(anonymous_2)
FNDA:3,(anonymous_3)
FNDA:3,(anonymous_4)
FNDA:3,(anonymous_5)
FNDA:10,(anonymous_6)
FNDA:10,(anonymous_7)
FNDA:0,(anonymous_8)
FNDA:0,(anonymous_9)
FNDA:4,(anonymous_10)
FNDA:1,(anonymous_11)
FNDA:1,(anonymous_12)
FNDA:0,(anonymous_13)
FNDA:0,(anonymous_14)
FNDA:1,(anonymous_15)
FNDA:1,(anonymous_16)
FNDA:4,(anonymous_17)
FNDA:4,(anonymous_18)
FNDA:0,(anonymous_19)
FNDA:0,(anonymous_20)
FNDA:1,(anonymous_21)
FNDA:1,(anonymous_22)
FNDA:0,(anonymous_23)
FNDA:10,(anonymous_24)
FNDA:1,(anonymous_25)
FNDA:1,(anonymous_26)
FNDA:10,(anonymous_27)
FNDA:0,(anonymous_28)
FNDA:0,(anonymous_29)
DA:17,1
DA:18,19
DA:19,19
DA:20,19
DA:21,19
DA:22,19
DA:23,19
DA:24,19
DA:25,19
DA:27,19
DA:28,3
DA:29,0
DA:32,3
DA:33,3
DA:37,19
DA:38,3
DA:39,3
DA:40,3
DA:41,3
DA:42,0
DA:45,0
DA:49,3
DA:52,19
DA:53,10
DA:54,10
DA:55,10
DA:57,0
DA:61,10
DA:65,19
DA:66,0
DA:69,19
DA:70,0
DA:71,0
DA:73,0
DA:74,0
DA:77,19
DA:78,4
DA:79,4
DA:80,4
DA:82,4
DA:86,19
DA:87,1
DA:88,1
DA:89,1
DA:90,1
DA:94,19
DA:95,0
DA:96,0
DA:97,0
DA:101,19
DA:102,1
DA:103,1
DA:104,1
DA:105,1
DA:109,19
DA:110,4
DA:111,4
DA:112,4
DA:113,4
DA:114,4
DA:115,4
DA:118,19
DA:119,0
DA:120,0
DA:121,0
DA:122,0
DA:123,0
DA:126,19
DA:128,19
DA:129,19
DA:130,1
DA:133,19
DA:134,1
DA:135,1
DA:137,19
DA:138,0
DA:141,19
DA:162,10
DA:165,1
DA:168,1
DA:179,10
DA:201,0
DA:216,0
DA:257,1
LF:84
LH:64
BRDA:41,0,0,0
BRDA:41,0,1,3
BRDA:78,1,0,4
BRDA:78,1,1,0
BRDA:110,2,0,4
BRDA:110,2,1,0
BRDA:119,3,0,0
BRDA:119,3,1,0
BRDA:153,4,0,19
BRDA:153,4,1,0
BRDA:169,5,0,10
BRDA:169,5,1,1
BRDA:172,6,0,10
BRDA:172,6,1,1
BRDA:209,7,0,4
BRDA:209,7,1,15
BRF:16
BRH:10
end_of_record
TN:
SF:src/screen/Home/Tabs/StudyDashboard/Timer.js
FN:4,(anonymous_0)
FN:11,(anonymous_1)
FN:15,(anonymous_2)
FN:16,(anonymous_3)
FN:25,(anonymous_4)
FN:28,(anonymous_5)
FN:29,(anonymous_6)
FN:32,(anonymous_7)
FN:37,(anonymous_8)
FN:57,(anonymous_9)
FN:61,(anonymous_10)
FN:69,(anonymous_11)
FN:78,(anonymous_12)
FN:102,(anonymous_13)
FNF:14
FNH:9
FNDA:6,(anonymous_0)
FNDA:3,(anonymous_1)
FNDA:0,(anonymous_2)
FNDA:0,(anonymous_3)
FNDA:3,(anonymous_4)
FNDA:1,(anonymous_5)
FNDA:1,(anonymous_6)
FNDA:0,(anonymous_7)
FNDA:6,(anonymous_8)
FNDA:0,(anonymous_9)
FNDA:1,(anonymous_10)
FNDA:0,(anonymous_11)
FNDA:1,(anonymous_12)
FNDA:1,(anonymous_13)
DA:4,1
DA:5,6
DA:6,6
DA:7,6
DA:8,6
DA:9,6
DA:11,6
DA:14,3
DA:15,1
DA:16,0
DA:17,0
DA:18,0
DA:20,0
DA:25,3
DA:28,6
DA:29,1
DA:32,6
DA:33,0
DA:34,0
DA:37,6
DA:38,6
DA:39,6
DA:40,6
DA:42,6
DA:44,6
DA:45,0
DA:48,6
DA:49,6
DA:52,6
DA:54,6
DA:57,6
DA:58,0
DA:61,6
DA:62,1
DA:63,1
DA:66,1
DA:67,1
DA:69,1
DA:70,0
DA:71,0
DA:76,6
DA:78,1
DA:102,1
DA:119,1
LF:44
LH:34
BRDA:14,0,0,1
BRDA:14,0,1,2
BRDA:17,1,0,0
BRDA:17,1,1,0
BRDA:44,2,0,0
BRDA:44,2,1,6
BRDA:48,3,0,6
BRDA:48,3,1,0
BRDA:48,4,0,6
BRDA:48,4,1,0
BRDA:67,5,0,1
BRDA:67,5,1,0
BRDA:84,6,0,1
BRDA:84,6,1,5
BRF:14
BRH:8
end_of_record
